

Started GET "/" for ::1 at 2016-02-14 12:38:59 -0500

LoadError (Unable to autoload constant SearchesController, expected /Users/scottcreynolds/code/learn/unit15/apis-and-faraday-reading/app/controllers/searches_controller.rb to define it):
  activesupport (4.2.5) lib/active_support/dependencies.rb:495:in `load_missing_constant'
  activesupport (4.2.5) lib/active_support/dependencies.rb:184:in `const_missing'
  activesupport (4.2.5) lib/active_support/inflector/methods.rb:261:in `const_get'
  activesupport (4.2.5) lib/active_support/inflector/methods.rb:261:in `block in constantize'
  activesupport (4.2.5) lib/active_support/inflector/methods.rb:259:in `each'
  activesupport (4.2.5) lib/active_support/inflector/methods.rb:259:in `inject'
  activesupport (4.2.5) lib/active_support/inflector/methods.rb:259:in `constantize'
  activesupport (4.2.5) lib/active_support/dependencies.rb:566:in `get'
  activesupport (4.2.5) lib/active_support/dependencies.rb:597:in `constantize'
  actionpack (4.2.5) lib/action_dispatch/routing/route_set.rb:72:in `controller_reference'
  actionpack (4.2.5) lib/action_dispatch/routing/route_set.rb:62:in `controller'
  actionpack (4.2.5) lib/action_dispatch/routing/route_set.rb:41:in `serve'
  actionpack (4.2.5) lib/action_dispatch/journey/router.rb:43:in `block in serve'
  actionpack (4.2.5) lib/action_dispatch/journey/router.rb:30:in `each'
  actionpack (4.2.5) lib/action_dispatch/journey/router.rb:30:in `serve'
  actionpack (4.2.5) lib/action_dispatch/routing/route_set.rb:817:in `call'
  rack (1.6.4) lib/rack/etag.rb:24:in `call'
  rack (1.6.4) lib/rack/conditionalget.rb:25:in `call'
  rack (1.6.4) lib/rack/head.rb:13:in `call'
  actionpack (4.2.5) lib/action_dispatch/middleware/params_parser.rb:27:in `call'
  actionpack (4.2.5) lib/action_dispatch/middleware/flash.rb:260:in `call'
  rack (1.6.4) lib/rack/session/abstract/id.rb:225:in `context'
  rack (1.6.4) lib/rack/session/abstract/id.rb:220:in `call'
  actionpack (4.2.5) lib/action_dispatch/middleware/cookies.rb:560:in `call'
  activerecord (4.2.5) lib/active_record/query_cache.rb:36:in `call'
  activerecord (4.2.5) lib/active_record/connection_adapters/abstract/connection_pool.rb:653:in `call'
  activerecord (4.2.5) lib/active_record/migration.rb:377:in `call'
  actionpack (4.2.5) lib/action_dispatch/middleware/callbacks.rb:29:in `block in call'
  activesupport (4.2.5) lib/active_support/callbacks.rb:88:in `__run_callbacks__'
  activesupport (4.2.5) lib/active_support/callbacks.rb:778:in `_run_call_callbacks'
  activesupport (4.2.5) lib/active_support/callbacks.rb:81:in `run_callbacks'
  actionpack (4.2.5) lib/action_dispatch/middleware/callbacks.rb:27:in `call'
  actionpack (4.2.5) lib/action_dispatch/middleware/reloader.rb:73:in `call'
  actionpack (4.2.5) lib/action_dispatch/middleware/remote_ip.rb:78:in `call'
  actionpack (4.2.5) lib/action_dispatch/middleware/debug_exceptions.rb:17:in `call'
  web-console (2.3.0) lib/web_console/middleware.rb:28:in `block in call'
  web-console (2.3.0) lib/web_console/middleware.rb:18:in `catch'
  web-console (2.3.0) lib/web_console/middleware.rb:18:in `call'
  actionpack (4.2.5) lib/action_dispatch/middleware/show_exceptions.rb:30:in `call'
  railties (4.2.5) lib/rails/rack/logger.rb:38:in `call_app'
  railties (4.2.5) lib/rails/rack/logger.rb:20:in `block in call'
  activesupport (4.2.5) lib/active_support/tagged_logging.rb:68:in `block in tagged'
  activesupport (4.2.5) lib/active_support/tagged_logging.rb:26:in `tagged'
  activesupport (4.2.5) lib/active_support/tagged_logging.rb:68:in `tagged'
  railties (4.2.5) lib/rails/rack/logger.rb:20:in `call'
  actionpack (4.2.5) lib/action_dispatch/middleware/request_id.rb:21:in `call'
  rack (1.6.4) lib/rack/methodoverride.rb:22:in `call'
  rack (1.6.4) lib/rack/runtime.rb:18:in `call'
  activesupport (4.2.5) lib/active_support/cache/strategy/local_cache_middleware.rb:28:in `call'
  rack (1.6.4) lib/rack/lock.rb:17:in `call'
  actionpack (4.2.5) lib/action_dispatch/middleware/static.rb:116:in `call'
  rack (1.6.4) lib/rack/sendfile.rb:113:in `call'
  railties (4.2.5) lib/rails/engine.rb:518:in `call'
  railties (4.2.5) lib/rails/application.rb:165:in `call'
  rack (1.6.4) lib/rack/lock.rb:17:in `call'
  rack (1.6.4) lib/rack/content_length.rb:15:in `call'
  rack (1.6.4) lib/rack/handler/webrick.rb:88:in `service'
  /Users/scottcreynolds/.rvm/rubies/ruby-2.1.2/lib/ruby/2.1.0/webrick/httpserver.rb:138:in `service'
  /Users/scottcreynolds/.rvm/rubies/ruby-2.1.2/lib/ruby/2.1.0/webrick/httpserver.rb:94:in `run'
  /Users/scottcreynolds/.rvm/rubies/ruby-2.1.2/lib/ruby/2.1.0/webrick/server.rb:295:in `block in start_thread'


  Rendered /Users/scottcreynolds/.rvm/gems/ruby-2.1.2/gems/actionpack-4.2.5/lib/action_dispatch/middleware/templates/rescues/_source.erb (3.7ms)
  Rendered /Users/scottcreynolds/.rvm/gems/ruby-2.1.2/gems/actionpack-4.2.5/lib/action_dispatch/middleware/templates/rescues/_trace.html.erb (27.9ms)
  Rendered /Users/scottcreynolds/.rvm/gems/ruby-2.1.2/gems/actionpack-4.2.5/lib/action_dispatch/middleware/templates/rescues/_request_and_response.html.erb (12.5ms)
  Rendered /Users/scottcreynolds/.rvm/gems/ruby-2.1.2/gems/actionpack-4.2.5/lib/action_dispatch/middleware/templates/rescues/diagnostics.html.erb within rescues/layout (65.2ms)
  Rendered /Users/scottcreynolds/.rvm/gems/ruby-2.1.2/gems/web-console-2.3.0/lib/web_console/templates/_markup.html.erb (0.4ms)
  Rendered /Users/scottcreynolds/.rvm/gems/ruby-2.1.2/gems/web-console-2.3.0/lib/web_console/templates/_inner_console_markup.html.erb within layouts/inlined_string (0.3ms)
  Rendered /Users/scottcreynolds/.rvm/gems/ruby-2.1.2/gems/web-console-2.3.0/lib/web_console/templates/_prompt_box_markup.html.erb within layouts/inlined_string (0.3ms)
  Rendered /Users/scottcreynolds/.rvm/gems/ruby-2.1.2/gems/web-console-2.3.0/lib/web_console/templates/style.css.erb within layouts/inlined_string (0.6ms)
  Rendered /Users/scottcreynolds/.rvm/gems/ruby-2.1.2/gems/web-console-2.3.0/lib/web_console/templates/console.js.erb within layouts/javascript (28.4ms)
  Rendered /Users/scottcreynolds/.rvm/gems/ruby-2.1.2/gems/web-console-2.3.0/lib/web_console/templates/main.js.erb within layouts/javascript (0.4ms)
  Rendered /Users/scottcreynolds/.rvm/gems/ruby-2.1.2/gems/web-console-2.3.0/lib/web_console/templates/error_page.js.erb within layouts/javascript (0.4ms)
  Rendered /Users/scottcreynolds/.rvm/gems/ruby-2.1.2/gems/web-console-2.3.0/lib/web_console/templates/index.html.erb (56.2ms)


Started GET "/" for ::1 at 2016-02-14 12:39:34 -0500
Processing by SearchesController#search as HTML
  Rendered searches/search.html.erb within layouts/application (0.3ms)
Completed 200 OK in 1116ms (Views: 1115.4ms | ActiveRecord: 0.0ms)


Started GET "/assets/application.self-e80e8f2318043e8af94dddc2adad5a4f09739a8ebb323b3ab31cd71d45fd9113.css?body=1" for ::1 at 2016-02-14 12:39:35 -0500


Started GET "/assets/jquery.self-c64a74367bda6ef8b860f19e74df08927ca99d2be2ac934e9e92d5fd361e0da4.js?body=1" for ::1 at 2016-02-14 12:39:35 -0500


Started GET "/assets/jquery_ujs.self-d602bdfe68ffc63b9f9cc512872aa3cfff046228a0a36e90dd476e8ef54c1b09.js?body=1" for ::1 at 2016-02-14 12:39:35 -0500


Started GET "/assets/turbolinks.self-c37727e9bd6b2735da5c311aa83fead54ed0be6cc8bd9a65309e9c5abe2cbfff.js?body=1" for ::1 at 2016-02-14 12:39:35 -0500


Started GET "/assets/application.self-3b8dabdc891efe46b9a144b400ad69e37d7e5876bdc39dee783419a69d7ca819.js?body=1" for ::1 at 2016-02-14 12:39:35 -0500


Started GET "/" for ::1 at 2016-02-14 12:42:09 -0500
Processing by SearchesController#search as HTML
  Rendered searches/search.html.erb within layouts/application (0.8ms)
Completed 200 OK in 14ms (Views: 13.1ms | ActiveRecord: 0.0ms)


Started GET "/assets/application.self-e80e8f2318043e8af94dddc2adad5a4f09739a8ebb323b3ab31cd71d45fd9113.css?body=1" for ::1 at 2016-02-14 12:42:09 -0500


Started GET "/assets/jquery_ujs.self-d602bdfe68ffc63b9f9cc512872aa3cfff046228a0a36e90dd476e8ef54c1b09.js?body=1" for ::1 at 2016-02-14 12:42:09 -0500


Started GET "/assets/jquery.self-c64a74367bda6ef8b860f19e74df08927ca99d2be2ac934e9e92d5fd361e0da4.js?body=1" for ::1 at 2016-02-14 12:42:09 -0500


Started GET "/assets/turbolinks.self-c37727e9bd6b2735da5c311aa83fead54ed0be6cc8bd9a65309e9c5abe2cbfff.js?body=1" for ::1 at 2016-02-14 12:42:09 -0500


Started GET "/assets/application.self-3b8dabdc891efe46b9a144b400ad69e37d7e5876bdc39dee783419a69d7ca819.js?body=1" for ::1 at 2016-02-14 12:42:09 -0500


Started GET "/" for ::1 at 2016-02-14 12:42:16 -0500
Processing by SearchesController#search as HTML
  Rendered searches/search.html.erb within layouts/application (0.7ms)
Completed 200 OK in 10ms (Views: 9.3ms | ActiveRecord: 0.0ms)


Started GET "/assets/application.self-e80e8f2318043e8af94dddc2adad5a4f09739a8ebb323b3ab31cd71d45fd9113.css?body=1" for ::1 at 2016-02-14 12:42:16 -0500


Started GET "/assets/jquery.self-c64a74367bda6ef8b860f19e74df08927ca99d2be2ac934e9e92d5fd361e0da4.js?body=1" for ::1 at 2016-02-14 12:42:16 -0500


Started GET "/assets/jquery_ujs.self-d602bdfe68ffc63b9f9cc512872aa3cfff046228a0a36e90dd476e8ef54c1b09.js?body=1" for ::1 at 2016-02-14 12:42:16 -0500


Started GET "/assets/turbolinks.self-c37727e9bd6b2735da5c311aa83fead54ed0be6cc8bd9a65309e9c5abe2cbfff.js?body=1" for ::1 at 2016-02-14 12:42:16 -0500


Started GET "/assets/application.self-3b8dabdc891efe46b9a144b400ad69e37d7e5876bdc39dee783419a69d7ca819.js?body=1" for ::1 at 2016-02-14 12:42:16 -0500


Started GET "/" for ::1 at 2016-02-14 12:42:30 -0500
Processing by SearchesController#search as HTML
  Rendered searches/search.html.erb within layouts/application (1.0ms)
Completed 200 OK in 11ms (Views: 10.5ms | ActiveRecord: 0.0ms)


Started GET "/assets/application.self-e80e8f2318043e8af94dddc2adad5a4f09739a8ebb323b3ab31cd71d45fd9113.css?body=1" for ::1 at 2016-02-14 12:42:30 -0500


Started GET "/assets/jquery.self-c64a74367bda6ef8b860f19e74df08927ca99d2be2ac934e9e92d5fd361e0da4.js?body=1" for ::1 at 2016-02-14 12:42:30 -0500


Started GET "/assets/turbolinks.self-c37727e9bd6b2735da5c311aa83fead54ed0be6cc8bd9a65309e9c5abe2cbfff.js?body=1" for ::1 at 2016-02-14 12:42:30 -0500


Started GET "/assets/application.self-3b8dabdc891efe46b9a144b400ad69e37d7e5876bdc39dee783419a69d7ca819.js?body=1" for ::1 at 2016-02-14 12:42:30 -0500


Started GET "/assets/jquery_ujs.self-d602bdfe68ffc63b9f9cc512872aa3cfff046228a0a36e90dd476e8ef54c1b09.js?body=1" for ::1 at 2016-02-14 12:42:30 -0500


Started POST "/search" for ::1 at 2016-02-14 12:48:13 -0500

SyntaxError (/Users/scottcreynolds/code/learn/unit15/apis-and-faraday-reading/app/controllers/searches_controller.rb:6: dynamic constant assignment
    CLIENT_ID = "CO3LIXJPH1LYAC5OOTLKLJE334NVDIYG24KUFOVEQ22WVYDP"
               ^
/Users/scottcreynolds/code/learn/unit15/apis-and-faraday-reading/app/controllers/searches_controller.rb:7: dynamic constant assignment
    CLIENT_SECRET = "0NNKMRWRYLCKLPSEE3G10I33WV0BTYXEN2JCJ41TVKKWB52Y"
                   ^
/Users/scottcreynolds/code/learn/unit15/apis-and-faraday-reading/app/controllers/searches_controller.rb:8: dynamic constant assignment
    API_URL = 'https://api.foursquare.com/v2/'
             ^
/Users/scottcreynolds/code/learn/unit15/apis-and-faraday-reading/app/controllers/searches_controller.rb:9: dynamic constant assignment
    VERSION = '20160201'
             ^):
  app/controllers/searches_controller.rb:6: dynamic constant assignment
  app/controllers/searches_controller.rb:7: dynamic constant assignment
  app/controllers/searches_controller.rb:8: dynamic constant assignment
  app/controllers/searches_controller.rb:9: dynamic constant assignment


  Rendered /Users/scottcreynolds/.rvm/gems/ruby-2.1.2/gems/actionpack-4.2.5/lib/action_dispatch/middleware/templates/rescues/_source.erb (3.7ms)
  Rendered /Users/scottcreynolds/.rvm/gems/ruby-2.1.2/gems/actionpack-4.2.5/lib/action_dispatch/middleware/templates/rescues/_trace.html.erb (2.3ms)
  Rendered /Users/scottcreynolds/.rvm/gems/ruby-2.1.2/gems/actionpack-4.2.5/lib/action_dispatch/middleware/templates/rescues/_request_and_response.html.erb (2.3ms)
  Rendered /Users/scottcreynolds/.rvm/gems/ruby-2.1.2/gems/actionpack-4.2.5/lib/action_dispatch/middleware/templates/rescues/diagnostics.html.erb within rescues/layout (20.2ms)
  Rendered /Users/scottcreynolds/.rvm/gems/ruby-2.1.2/gems/web-console-2.3.0/lib/web_console/templates/_markup.html.erb (0.5ms)
  Rendered /Users/scottcreynolds/.rvm/gems/ruby-2.1.2/gems/web-console-2.3.0/lib/web_console/templates/_inner_console_markup.html.erb within layouts/inlined_string (0.4ms)
  Rendered /Users/scottcreynolds/.rvm/gems/ruby-2.1.2/gems/web-console-2.3.0/lib/web_console/templates/_prompt_box_markup.html.erb within layouts/inlined_string (0.4ms)
  Rendered /Users/scottcreynolds/.rvm/gems/ruby-2.1.2/gems/web-console-2.3.0/lib/web_console/templates/style.css.erb within layouts/inlined_string (0.4ms)
  Rendered /Users/scottcreynolds/.rvm/gems/ruby-2.1.2/gems/web-console-2.3.0/lib/web_console/templates/console.js.erb within layouts/javascript (16.5ms)
  Rendered /Users/scottcreynolds/.rvm/gems/ruby-2.1.2/gems/web-console-2.3.0/lib/web_console/templates/main.js.erb within layouts/javascript (0.4ms)
  Rendered /Users/scottcreynolds/.rvm/gems/ruby-2.1.2/gems/web-console-2.3.0/lib/web_console/templates/error_page.js.erb within layouts/javascript (0.5ms)
  Rendered /Users/scottcreynolds/.rvm/gems/ruby-2.1.2/gems/web-console-2.3.0/lib/web_console/templates/index.html.erb (33.1ms)


Started POST "/search" for ::1 at 2016-02-14 12:49:15 -0500
Processing by SearchesController#foursquare as HTML
  Parameters: {"utf8"=>"✓", "authenticity_token"=>"Z1d8QAkXbxiTQGKGw4Ujf7N66MbUb4ZXuXofEDCYc2HJKjHP0t35FbGCMOxM0vaX39yKxqhsnYncXA3i8fAVkQ==", "zipcode"=>"11238", "commit"=>"Search!"}
Completed 500 Internal Server Error in 409ms (ActiveRecord: 0.0ms)

ActionView::MissingTemplate (Missing template searches/foursquare, application/foursquare with {:locale=>[:en], :formats=>[:html], :variants=>[], :handlers=>[:erb, :builder, :raw, :ruby, :coffee, :jbuilder]}. Searched in:
  * "/Users/scottcreynolds/code/learn/unit15/apis-and-faraday-reading/app/views"
):
  actionview (4.2.5) lib/action_view/path_set.rb:46:in `find'
  actionview (4.2.5) lib/action_view/lookup_context.rb:121:in `find'
  actionview (4.2.5) lib/action_view/renderer/abstract_renderer.rb:18:in `find_template'
  actionview (4.2.5) lib/action_view/renderer/template_renderer.rb:40:in `determine_template'
  actionview (4.2.5) lib/action_view/renderer/template_renderer.rb:8:in `render'
  actionview (4.2.5) lib/action_view/renderer/renderer.rb:42:in `render_template'
  actionview (4.2.5) lib/action_view/renderer/renderer.rb:23:in `render'
  actionview (4.2.5) lib/action_view/rendering.rb:100:in `_render_template'
  actionpack (4.2.5) lib/action_controller/metal/streaming.rb:217:in `_render_template'
  actionview (4.2.5) lib/action_view/rendering.rb:83:in `render_to_body'
  actionpack (4.2.5) lib/action_controller/metal/rendering.rb:32:in `render_to_body'
  actionpack (4.2.5) lib/action_controller/metal/renderers.rb:37:in `render_to_body'
  actionpack (4.2.5) lib/abstract_controller/rendering.rb:25:in `render'
  actionpack (4.2.5) lib/action_controller/metal/rendering.rb:16:in `render'
  actionpack (4.2.5) lib/action_controller/metal/instrumentation.rb:44:in `block (2 levels) in render'
  activesupport (4.2.5) lib/active_support/core_ext/benchmark.rb:12:in `block in ms'
  /Users/scottcreynolds/.rvm/rubies/ruby-2.1.2/lib/ruby/2.1.0/benchmark.rb:294:in `realtime'
  activesupport (4.2.5) lib/active_support/core_ext/benchmark.rb:12:in `ms'
  actionpack (4.2.5) lib/action_controller/metal/instrumentation.rb:44:in `block in render'
  actionpack (4.2.5) lib/action_controller/metal/instrumentation.rb:87:in `cleanup_view_runtime'
  activerecord (4.2.5) lib/active_record/railties/controller_runtime.rb:25:in `cleanup_view_runtime'
  actionpack (4.2.5) lib/action_controller/metal/instrumentation.rb:43:in `render'
  actionpack (4.2.5) lib/action_controller/metal/implicit_render.rb:10:in `default_render'
  actionpack (4.2.5) lib/action_controller/metal/implicit_render.rb:5:in `send_action'
  actionpack (4.2.5) lib/abstract_controller/base.rb:198:in `process_action'
  actionpack (4.2.5) lib/action_controller/metal/rendering.rb:10:in `process_action'
  actionpack (4.2.5) lib/abstract_controller/callbacks.rb:20:in `block in process_action'
  activesupport (4.2.5) lib/active_support/callbacks.rb:117:in `call'
  activesupport (4.2.5) lib/active_support/callbacks.rb:117:in `call'
  activesupport (4.2.5) lib/active_support/callbacks.rb:555:in `block (2 levels) in compile'
  activesupport (4.2.5) lib/active_support/callbacks.rb:505:in `call'
  activesupport (4.2.5) lib/active_support/callbacks.rb:505:in `call'
  activesupport (4.2.5) lib/active_support/callbacks.rb:92:in `__run_callbacks__'
  activesupport (4.2.5) lib/active_support/callbacks.rb:778:in `_run_process_action_callbacks'
  activesupport (4.2.5) lib/active_support/callbacks.rb:81:in `run_callbacks'
  actionpack (4.2.5) lib/abstract_controller/callbacks.rb:19:in `process_action'
  actionpack (4.2.5) lib/action_controller/metal/rescue.rb:29:in `process_action'
  actionpack (4.2.5) lib/action_controller/metal/instrumentation.rb:32:in `block in process_action'
  activesupport (4.2.5) lib/active_support/notifications.rb:164:in `block in instrument'
  activesupport (4.2.5) lib/active_support/notifications/instrumenter.rb:20:in `instrument'
  activesupport (4.2.5) lib/active_support/notifications.rb:164:in `instrument'
  actionpack (4.2.5) lib/action_controller/metal/instrumentation.rb:30:in `process_action'
  actionpack (4.2.5) lib/action_controller/metal/params_wrapper.rb:250:in `process_action'
  activerecord (4.2.5) lib/active_record/railties/controller_runtime.rb:18:in `process_action'
  actionpack (4.2.5) lib/abstract_controller/base.rb:137:in `process'
  actionview (4.2.5) lib/action_view/rendering.rb:30:in `process'
  actionpack (4.2.5) lib/action_controller/metal.rb:196:in `dispatch'
  actionpack (4.2.5) lib/action_controller/metal/rack_delegation.rb:13:in `dispatch'
  actionpack (4.2.5) lib/action_controller/metal.rb:237:in `block in action'
  actionpack (4.2.5) lib/action_dispatch/routing/route_set.rb:76:in `call'
  actionpack (4.2.5) lib/action_dispatch/routing/route_set.rb:76:in `dispatch'
  actionpack (4.2.5) lib/action_dispatch/routing/route_set.rb:45:in `serve'
  actionpack (4.2.5) lib/action_dispatch/journey/router.rb:43:in `block in serve'
  actionpack (4.2.5) lib/action_dispatch/journey/router.rb:30:in `each'
  actionpack (4.2.5) lib/action_dispatch/journey/router.rb:30:in `serve'
  actionpack (4.2.5) lib/action_dispatch/routing/route_set.rb:817:in `call'
  rack (1.6.4) lib/rack/etag.rb:24:in `call'
  rack (1.6.4) lib/rack/conditionalget.rb:38:in `call'
  rack (1.6.4) lib/rack/head.rb:13:in `call'
  actionpack (4.2.5) lib/action_dispatch/middleware/params_parser.rb:27:in `call'
  actionpack (4.2.5) lib/action_dispatch/middleware/flash.rb:260:in `call'
  rack (1.6.4) lib/rack/session/abstract/id.rb:225:in `context'
  rack (1.6.4) lib/rack/session/abstract/id.rb:220:in `call'
  actionpack (4.2.5) lib/action_dispatch/middleware/cookies.rb:560:in `call'
  activerecord (4.2.5) lib/active_record/query_cache.rb:36:in `call'
  activerecord (4.2.5) lib/active_record/connection_adapters/abstract/connection_pool.rb:653:in `call'
  activerecord (4.2.5) lib/active_record/migration.rb:377:in `call'
  actionpack (4.2.5) lib/action_dispatch/middleware/callbacks.rb:29:in `block in call'
  activesupport (4.2.5) lib/active_support/callbacks.rb:88:in `__run_callbacks__'
  activesupport (4.2.5) lib/active_support/callbacks.rb:778:in `_run_call_callbacks'
  activesupport (4.2.5) lib/active_support/callbacks.rb:81:in `run_callbacks'
  actionpack (4.2.5) lib/action_dispatch/middleware/callbacks.rb:27:in `call'
  actionpack (4.2.5) lib/action_dispatch/middleware/reloader.rb:73:in `call'
  actionpack (4.2.5) lib/action_dispatch/middleware/remote_ip.rb:78:in `call'
  actionpack (4.2.5) lib/action_dispatch/middleware/debug_exceptions.rb:17:in `call'
  web-console (2.3.0) lib/web_console/middleware.rb:28:in `block in call'
  web-console (2.3.0) lib/web_console/middleware.rb:18:in `catch'
  web-console (2.3.0) lib/web_console/middleware.rb:18:in `call'
  actionpack (4.2.5) lib/action_dispatch/middleware/show_exceptions.rb:30:in `call'
  railties (4.2.5) lib/rails/rack/logger.rb:38:in `call_app'
  railties (4.2.5) lib/rails/rack/logger.rb:20:in `block in call'
  activesupport (4.2.5) lib/active_support/tagged_logging.rb:68:in `block in tagged'
  activesupport (4.2.5) lib/active_support/tagged_logging.rb:26:in `tagged'
  activesupport (4.2.5) lib/active_support/tagged_logging.rb:68:in `tagged'
  railties (4.2.5) lib/rails/rack/logger.rb:20:in `call'
  actionpack (4.2.5) lib/action_dispatch/middleware/request_id.rb:21:in `call'
  rack (1.6.4) lib/rack/methodoverride.rb:22:in `call'
  rack (1.6.4) lib/rack/runtime.rb:18:in `call'
  activesupport (4.2.5) lib/active_support/cache/strategy/local_cache_middleware.rb:28:in `call'
  rack (1.6.4) lib/rack/lock.rb:17:in `call'
  actionpack (4.2.5) lib/action_dispatch/middleware/static.rb:116:in `call'
  rack (1.6.4) lib/rack/sendfile.rb:113:in `call'
  railties (4.2.5) lib/rails/engine.rb:518:in `call'
  railties (4.2.5) lib/rails/application.rb:165:in `call'
  rack (1.6.4) lib/rack/lock.rb:17:in `call'
  rack (1.6.4) lib/rack/content_length.rb:15:in `call'
  rack (1.6.4) lib/rack/handler/webrick.rb:88:in `service'
  /Users/scottcreynolds/.rvm/rubies/ruby-2.1.2/lib/ruby/2.1.0/webrick/httpserver.rb:138:in `service'
  /Users/scottcreynolds/.rvm/rubies/ruby-2.1.2/lib/ruby/2.1.0/webrick/httpserver.rb:94:in `run'
  /Users/scottcreynolds/.rvm/rubies/ruby-2.1.2/lib/ruby/2.1.0/webrick/server.rb:295:in `block in start_thread'


  Rendered /Users/scottcreynolds/.rvm/gems/ruby-2.1.2/gems/actionpack-4.2.5/lib/action_dispatch/middleware/templates/rescues/_source.erb (4.6ms)
  Rendered /Users/scottcreynolds/.rvm/gems/ruby-2.1.2/gems/actionpack-4.2.5/lib/action_dispatch/middleware/templates/rescues/_trace.html.erb (1.8ms)
  Rendered /Users/scottcreynolds/.rvm/gems/ruby-2.1.2/gems/actionpack-4.2.5/lib/action_dispatch/middleware/templates/rescues/_request_and_response.html.erb (0.9ms)
  Rendered /Users/scottcreynolds/.rvm/gems/ruby-2.1.2/gems/actionpack-4.2.5/lib/action_dispatch/middleware/templates/rescues/missing_template.html.erb within rescues/layout (18.1ms)
  Rendered /Users/scottcreynolds/.rvm/gems/ruby-2.1.2/gems/web-console-2.3.0/lib/web_console/templates/_markup.html.erb (0.4ms)
  Rendered /Users/scottcreynolds/.rvm/gems/ruby-2.1.2/gems/web-console-2.3.0/lib/web_console/templates/_inner_console_markup.html.erb within layouts/inlined_string (0.3ms)
  Rendered /Users/scottcreynolds/.rvm/gems/ruby-2.1.2/gems/web-console-2.3.0/lib/web_console/templates/_prompt_box_markup.html.erb within layouts/inlined_string (0.2ms)
  Rendered /Users/scottcreynolds/.rvm/gems/ruby-2.1.2/gems/web-console-2.3.0/lib/web_console/templates/style.css.erb within layouts/inlined_string (0.4ms)
  Rendered /Users/scottcreynolds/.rvm/gems/ruby-2.1.2/gems/web-console-2.3.0/lib/web_console/templates/console.js.erb within layouts/javascript (13.2ms)
  Rendered /Users/scottcreynolds/.rvm/gems/ruby-2.1.2/gems/web-console-2.3.0/lib/web_console/templates/main.js.erb within layouts/javascript (0.2ms)
  Rendered /Users/scottcreynolds/.rvm/gems/ruby-2.1.2/gems/web-console-2.3.0/lib/web_console/templates/error_page.js.erb within layouts/javascript (0.4ms)
  Rendered /Users/scottcreynolds/.rvm/gems/ruby-2.1.2/gems/web-console-2.3.0/lib/web_console/templates/index.html.erb (29.0ms)


Started POST "/search" for ::1 at 2016-02-14 12:49:26 -0500
Processing by SearchesController#foursquare as HTML
  Parameters: {"utf8"=>"✓", "authenticity_token"=>"Z1d8QAkXbxiTQGKGw4Ujf7N66MbUb4ZXuXofEDCYc2HJKjHP0t35FbGCMOxM0vaX39yKxqhsnYncXA3i8fAVkQ==", "zipcode"=>"11238", "commit"=>"Search!"}
  Rendered searches/search.html.erb within layouts/application (13.5ms)
Completed 500 Internal Server Error in 259ms (ActiveRecord: 0.0ms)

ActionView::Template::Error (undefined local variable or method `resp' for #<#<Class:0x007fbcb0ec69d0>:0x007fbcb0eceba8>):
     5:   <%= submit_tag "Search!" %>
     6: <% end %>
     7: <div>
     8:   <%= resp.status %><br>
     9:   <%= resp.body%>
    10: </div>
  app/views/searches/search.html.erb:8:in `_app_views_searches_search_html_erb___4030542215762193960_70224199445700'
  app/controllers/searches_controller.rb:19:in `foursquare'


  Rendered /Users/scottcreynolds/.rvm/gems/ruby-2.1.2/gems/actionpack-4.2.5/lib/action_dispatch/middleware/templates/rescues/_source.erb (6.8ms)
  Rendered /Users/scottcreynolds/.rvm/gems/ruby-2.1.2/gems/actionpack-4.2.5/lib/action_dispatch/middleware/templates/rescues/_trace.html.erb (2.5ms)
  Rendered /Users/scottcreynolds/.rvm/gems/ruby-2.1.2/gems/actionpack-4.2.5/lib/action_dispatch/middleware/templates/rescues/_request_and_response.html.erb (0.9ms)
  Rendered /Users/scottcreynolds/.rvm/gems/ruby-2.1.2/gems/actionpack-4.2.5/lib/action_dispatch/middleware/templates/rescues/template_error.html.erb within rescues/layout (21.4ms)
  Rendered /Users/scottcreynolds/.rvm/gems/ruby-2.1.2/gems/web-console-2.3.0/lib/web_console/templates/_markup.html.erb (0.3ms)
  Rendered /Users/scottcreynolds/.rvm/gems/ruby-2.1.2/gems/web-console-2.3.0/lib/web_console/templates/_inner_console_markup.html.erb within layouts/inlined_string (0.4ms)
  Rendered /Users/scottcreynolds/.rvm/gems/ruby-2.1.2/gems/web-console-2.3.0/lib/web_console/templates/_prompt_box_markup.html.erb within layouts/inlined_string (0.2ms)
  Rendered /Users/scottcreynolds/.rvm/gems/ruby-2.1.2/gems/web-console-2.3.0/lib/web_console/templates/style.css.erb within layouts/inlined_string (0.3ms)
  Rendered /Users/scottcreynolds/.rvm/gems/ruby-2.1.2/gems/web-console-2.3.0/lib/web_console/templates/console.js.erb within layouts/javascript (14.8ms)
  Rendered /Users/scottcreynolds/.rvm/gems/ruby-2.1.2/gems/web-console-2.3.0/lib/web_console/templates/main.js.erb within layouts/javascript (0.2ms)
  Rendered /Users/scottcreynolds/.rvm/gems/ruby-2.1.2/gems/web-console-2.3.0/lib/web_console/templates/error_page.js.erb within layouts/javascript (0.3ms)
  Rendered /Users/scottcreynolds/.rvm/gems/ruby-2.1.2/gems/web-console-2.3.0/lib/web_console/templates/index.html.erb (29.5ms)


Started POST "/search" for ::1 at 2016-02-14 12:49:36 -0500
Processing by SearchesController#foursquare as HTML
  Parameters: {"utf8"=>"✓", "authenticity_token"=>"Z1d8QAkXbxiTQGKGw4Ujf7N66MbUb4ZXuXofEDCYc2HJKjHP0t35FbGCMOxM0vaX39yKxqhsnYncXA3i8fAVkQ==", "zipcode"=>"11238", "commit"=>"Search!"}
  Rendered searches/search.html.erb within layouts/application (2.4ms)
Completed 500 Internal Server Error in 266ms (ActiveRecord: 0.0ms)

ActionView::Template::Error (undefined method `status' for nil:NilClass):
     5:   <%= submit_tag "Search!" %>
     6: <% end %>
     7: <div>
     8:   <%= @resp.status %><br>
     9:   <%= @resp.body%>
    10: </div>
  app/views/searches/search.html.erb:8:in `_app_views_searches_search_html_erb___4030542215762193960_70224159569580'
  app/controllers/searches_controller.rb:19:in `foursquare'


  Rendered /Users/scottcreynolds/.rvm/gems/ruby-2.1.2/gems/actionpack-4.2.5/lib/action_dispatch/middleware/templates/rescues/_source.erb (5.4ms)
  Rendered /Users/scottcreynolds/.rvm/gems/ruby-2.1.2/gems/actionpack-4.2.5/lib/action_dispatch/middleware/templates/rescues/_trace.html.erb (2.7ms)
  Rendered /Users/scottcreynolds/.rvm/gems/ruby-2.1.2/gems/actionpack-4.2.5/lib/action_dispatch/middleware/templates/rescues/_request_and_response.html.erb (1.1ms)
  Rendered /Users/scottcreynolds/.rvm/gems/ruby-2.1.2/gems/actionpack-4.2.5/lib/action_dispatch/middleware/templates/rescues/template_error.html.erb within rescues/layout (19.9ms)
  Rendered /Users/scottcreynolds/.rvm/gems/ruby-2.1.2/gems/web-console-2.3.0/lib/web_console/templates/_markup.html.erb (0.6ms)
  Rendered /Users/scottcreynolds/.rvm/gems/ruby-2.1.2/gems/web-console-2.3.0/lib/web_console/templates/_inner_console_markup.html.erb within layouts/inlined_string (0.2ms)
  Rendered /Users/scottcreynolds/.rvm/gems/ruby-2.1.2/gems/web-console-2.3.0/lib/web_console/templates/_prompt_box_markup.html.erb within layouts/inlined_string (0.2ms)
  Rendered /Users/scottcreynolds/.rvm/gems/ruby-2.1.2/gems/web-console-2.3.0/lib/web_console/templates/style.css.erb within layouts/inlined_string (0.2ms)
  Rendered /Users/scottcreynolds/.rvm/gems/ruby-2.1.2/gems/web-console-2.3.0/lib/web_console/templates/console.js.erb within layouts/javascript (12.4ms)
  Rendered /Users/scottcreynolds/.rvm/gems/ruby-2.1.2/gems/web-console-2.3.0/lib/web_console/templates/main.js.erb within layouts/javascript (0.3ms)
  Rendered /Users/scottcreynolds/.rvm/gems/ruby-2.1.2/gems/web-console-2.3.0/lib/web_console/templates/error_page.js.erb within layouts/javascript (0.4ms)
  Rendered /Users/scottcreynolds/.rvm/gems/ruby-2.1.2/gems/web-console-2.3.0/lib/web_console/templates/index.html.erb (27.9ms)


Started POST "/search" for ::1 at 2016-02-14 12:49:53 -0500
Processing by SearchesController#foursquare as HTML
  Parameters: {"utf8"=>"✓", "authenticity_token"=>"Z1d8QAkXbxiTQGKGw4Ujf7N66MbUb4ZXuXofEDCYc2HJKjHP0t35FbGCMOxM0vaX39yKxqhsnYncXA3i8fAVkQ==", "zipcode"=>"11238", "commit"=>"Search!"}
  Rendered searches/search.html.erb within layouts/application (2.9ms)
Completed 200 OK in 231ms (Views: 18.0ms | ActiveRecord: 0.0ms)


Started GET "/assets/application.self-e80e8f2318043e8af94dddc2adad5a4f09739a8ebb323b3ab31cd71d45fd9113.css?body=1" for ::1 at 2016-02-14 12:49:54 -0500


Started GET "/assets/jquery.self-c64a74367bda6ef8b860f19e74df08927ca99d2be2ac934e9e92d5fd361e0da4.js?body=1" for ::1 at 2016-02-14 12:49:54 -0500


Started GET "/assets/jquery_ujs.self-d602bdfe68ffc63b9f9cc512872aa3cfff046228a0a36e90dd476e8ef54c1b09.js?body=1" for ::1 at 2016-02-14 12:49:54 -0500


Started GET "/assets/turbolinks.self-c37727e9bd6b2735da5c311aa83fead54ed0be6cc8bd9a65309e9c5abe2cbfff.js?body=1" for ::1 at 2016-02-14 12:49:54 -0500


Started GET "/assets/application.self-3b8dabdc891efe46b9a144b400ad69e37d7e5876bdc39dee783419a69d7ca819.js?body=1" for ::1 at 2016-02-14 12:49:54 -0500


Started POST "/search" for ::1 at 2016-02-14 13:32:49 -0500
Processing by SearchesController#foursquare as HTML
  Parameters: {"utf8"=>"✓", "authenticity_token"=>"5JVFii49U+rerhk7GV7AUO32lCC/0ff6LqAGRpU9a0pK6AgF9ffF5/xsS1GWCRW4gVD2IMPS7CRLhhS0VFUNug==", "zipcode"=>"11238", "commit"=>"Search!"}
Completed 500 Internal Server Error in 209ms (ActiveRecord: 0.0ms)

TypeError (no implicit conversion of nil into String):
  app/controllers/searches_controller.rb:16:in `foursquare'


  Rendered /Users/scottcreynolds/.rvm/gems/ruby-2.1.2/gems/actionpack-4.2.5/lib/action_dispatch/middleware/templates/rescues/_source.erb (4.5ms)
  Rendered /Users/scottcreynolds/.rvm/gems/ruby-2.1.2/gems/actionpack-4.2.5/lib/action_dispatch/middleware/templates/rescues/_trace.html.erb (2.0ms)
  Rendered /Users/scottcreynolds/.rvm/gems/ruby-2.1.2/gems/actionpack-4.2.5/lib/action_dispatch/middleware/templates/rescues/_request_and_response.html.erb (0.8ms)
  Rendered /Users/scottcreynolds/.rvm/gems/ruby-2.1.2/gems/actionpack-4.2.5/lib/action_dispatch/middleware/templates/rescues/diagnostics.html.erb within rescues/layout (19.6ms)
  Rendered /Users/scottcreynolds/.rvm/gems/ruby-2.1.2/gems/web-console-2.3.0/lib/web_console/templates/_markup.html.erb (0.3ms)
  Rendered /Users/scottcreynolds/.rvm/gems/ruby-2.1.2/gems/web-console-2.3.0/lib/web_console/templates/_inner_console_markup.html.erb within layouts/inlined_string (0.4ms)
  Rendered /Users/scottcreynolds/.rvm/gems/ruby-2.1.2/gems/web-console-2.3.0/lib/web_console/templates/_prompt_box_markup.html.erb within layouts/inlined_string (0.3ms)
  Rendered /Users/scottcreynolds/.rvm/gems/ruby-2.1.2/gems/web-console-2.3.0/lib/web_console/templates/style.css.erb within layouts/inlined_string (0.6ms)
  Rendered /Users/scottcreynolds/.rvm/gems/ruby-2.1.2/gems/web-console-2.3.0/lib/web_console/templates/console.js.erb within layouts/javascript (18.2ms)
  Rendered /Users/scottcreynolds/.rvm/gems/ruby-2.1.2/gems/web-console-2.3.0/lib/web_console/templates/main.js.erb within layouts/javascript (0.4ms)
  Rendered /Users/scottcreynolds/.rvm/gems/ruby-2.1.2/gems/web-console-2.3.0/lib/web_console/templates/error_page.js.erb within layouts/javascript (4.7ms)
  Rendered /Users/scottcreynolds/.rvm/gems/ruby-2.1.2/gems/web-console-2.3.0/lib/web_console/templates/index.html.erb (42.9ms)


Started POST "/search" for ::1 at 2016-02-14 13:33:38 -0500
Processing by SearchesController#foursquare as HTML
  Parameters: {"utf8"=>"✓", "authenticity_token"=>"5JVFii49U+rerhk7GV7AUO32lCC/0ff6LqAGRpU9a0pK6AgF9ffF5/xsS1GWCRW4gVD2IMPS7CRLhhS0VFUNug==", "zipcode"=>"11238", "commit"=>"Search!"}
  Rendered searches/search.html.erb within layouts/application (7.3ms)
Completed 200 OK in 257ms (Views: 24.0ms | ActiveRecord: 0.0ms)


Started GET "/assets/jquery.self-c64a74367bda6ef8b860f19e74df08927ca99d2be2ac934e9e92d5fd361e0da4.js?body=1" for ::1 at 2016-02-14 13:33:38 -0500


Started GET "/assets/application.self-e80e8f2318043e8af94dddc2adad5a4f09739a8ebb323b3ab31cd71d45fd9113.css?body=1" for ::1 at 2016-02-14 13:33:38 -0500


Started GET "/assets/turbolinks.self-c37727e9bd6b2735da5c311aa83fead54ed0be6cc8bd9a65309e9c5abe2cbfff.js?body=1" for ::1 at 2016-02-14 13:33:38 -0500


Started GET "/assets/jquery_ujs.self-d602bdfe68ffc63b9f9cc512872aa3cfff046228a0a36e90dd476e8ef54c1b09.js?body=1" for ::1 at 2016-02-14 13:33:38 -0500


Started GET "/assets/application.self-3b8dabdc891efe46b9a144b400ad69e37d7e5876bdc39dee783419a69d7ca819.js?body=1" for ::1 at 2016-02-14 13:33:38 -0500


Started POST "/search" for ::1 at 2016-02-14 13:38:10 -0500
Processing by SearchesController#foursquare as HTML
  Parameters: {"utf8"=>"✓", "authenticity_token"=>"5JVFii49U+rerhk7GV7AUO32lCC/0ff6LqAGRpU9a0pK6AgF9ffF5/xsS1GWCRW4gVD2IMPS7CRLhhS0VFUNug==", "zipcode"=>"11238", "commit"=>"Search!"}
  Rendered searches/search.html.erb within layouts/application (1.0ms)
Completed 200 OK in 653ms (Views: 11.7ms | ActiveRecord: 0.0ms)


Started GET "/assets/application.self-e80e8f2318043e8af94dddc2adad5a4f09739a8ebb323b3ab31cd71d45fd9113.css?body=1" for ::1 at 2016-02-14 13:38:10 -0500


Started GET "/assets/jquery.self-c64a74367bda6ef8b860f19e74df08927ca99d2be2ac934e9e92d5fd361e0da4.js?body=1" for ::1 at 2016-02-14 13:38:11 -0500


Started GET "/assets/jquery_ujs.self-d602bdfe68ffc63b9f9cc512872aa3cfff046228a0a36e90dd476e8ef54c1b09.js?body=1" for ::1 at 2016-02-14 13:38:11 -0500


Started GET "/assets/turbolinks.self-c37727e9bd6b2735da5c311aa83fead54ed0be6cc8bd9a65309e9c5abe2cbfff.js?body=1" for ::1 at 2016-02-14 13:38:11 -0500


Started GET "/assets/application.self-3b8dabdc891efe46b9a144b400ad69e37d7e5876bdc39dee783419a69d7ca819.js?body=1" for ::1 at 2016-02-14 13:38:11 -0500


Started POST "/search" for ::1 at 2016-02-14 13:38:22 -0500
Processing by SearchesController#foursquare as HTML
  Parameters: {"utf8"=>"✓", "authenticity_token"=>"5JVFii49U+rerhk7GV7AUO32lCC/0ff6LqAGRpU9a0pK6AgF9ffF5/xsS1GWCRW4gVD2IMPS7CRLhhS0VFUNug==", "zipcode"=>"11238", "commit"=>"Search!"}
  Rendered searches/search.html.erb within layouts/application (1.0ms)
Completed 200 OK in 259ms (Views: 11.4ms | ActiveRecord: 0.0ms)


Started GET "/assets/application.self-e80e8f2318043e8af94dddc2adad5a4f09739a8ebb323b3ab31cd71d45fd9113.css?body=1" for ::1 at 2016-02-14 13:38:23 -0500


Started GET "/assets/jquery.self-c64a74367bda6ef8b860f19e74df08927ca99d2be2ac934e9e92d5fd361e0da4.js?body=1" for ::1 at 2016-02-14 13:38:23 -0500


Started GET "/assets/jquery_ujs.self-d602bdfe68ffc63b9f9cc512872aa3cfff046228a0a36e90dd476e8ef54c1b09.js?body=1" for ::1 at 2016-02-14 13:38:23 -0500


Started GET "/assets/turbolinks.self-c37727e9bd6b2735da5c311aa83fead54ed0be6cc8bd9a65309e9c5abe2cbfff.js?body=1" for ::1 at 2016-02-14 13:38:23 -0500


Started GET "/assets/application.self-3b8dabdc891efe46b9a144b400ad69e37d7e5876bdc39dee783419a69d7ca819.js?body=1" for ::1 at 2016-02-14 13:38:23 -0500


Started POST "/search" for ::1 at 2016-02-14 13:40:27 -0500
Processing by SearchesController#foursquare as HTML
  Parameters: {"utf8"=>"✓", "authenticity_token"=>"5JVFii49U+rerhk7GV7AUO32lCC/0ff6LqAGRpU9a0pK6AgF9ffF5/xsS1GWCRW4gVD2IMPS7CRLhhS0VFUNug==", "zipcode"=>"11238", "commit"=>"Search!"}
  Rendered searches/search.html.erb within layouts/application (5.1ms)
Completed 200 OK in 641ms (Views: 18.5ms | ActiveRecord: 0.0ms)


Started GET "/assets/jquery.self-c64a74367bda6ef8b860f19e74df08927ca99d2be2ac934e9e92d5fd361e0da4.js?body=1" for ::1 at 2016-02-14 13:40:28 -0500


Started GET "/assets/application.self-e80e8f2318043e8af94dddc2adad5a4f09739a8ebb323b3ab31cd71d45fd9113.css?body=1" for ::1 at 2016-02-14 13:40:28 -0500


Started GET "/assets/application.self-3b8dabdc891efe46b9a144b400ad69e37d7e5876bdc39dee783419a69d7ca819.js?body=1" for ::1 at 2016-02-14 13:40:28 -0500


Started GET "/assets/jquery_ujs.self-d602bdfe68ffc63b9f9cc512872aa3cfff046228a0a36e90dd476e8ef54c1b09.js?body=1" for ::1 at 2016-02-14 13:40:28 -0500


Started GET "/assets/turbolinks.self-c37727e9bd6b2735da5c311aa83fead54ed0be6cc8bd9a65309e9c5abe2cbfff.js?body=1" for ::1 at 2016-02-14 13:40:28 -0500


Started POST "/search" for ::1 at 2016-02-14 13:40:52 -0500
Processing by SearchesController#foursquare as HTML
  Parameters: {"utf8"=>"✓", "authenticity_token"=>"5JVFii49U+rerhk7GV7AUO32lCC/0ff6LqAGRpU9a0pK6AgF9ffF5/xsS1GWCRW4gVD2IMPS7CRLhhS0VFUNug==", "zipcode"=>"11238", "commit"=>"Search!"}
  Rendered searches/search.html.erb within layouts/application (1.8ms)
Completed 200 OK in 261ms (Views: 11.2ms | ActiveRecord: 0.0ms)


Started GET "/assets/application.self-e80e8f2318043e8af94dddc2adad5a4f09739a8ebb323b3ab31cd71d45fd9113.css?body=1" for ::1 at 2016-02-14 13:40:53 -0500


Started GET "/assets/jquery_ujs.self-d602bdfe68ffc63b9f9cc512872aa3cfff046228a0a36e90dd476e8ef54c1b09.js?body=1" for ::1 at 2016-02-14 13:40:53 -0500


Started GET "/assets/turbolinks.self-c37727e9bd6b2735da5c311aa83fead54ed0be6cc8bd9a65309e9c5abe2cbfff.js?body=1" for ::1 at 2016-02-14 13:40:53 -0500


Started GET "/assets/application.self-3b8dabdc891efe46b9a144b400ad69e37d7e5876bdc39dee783419a69d7ca819.js?body=1" for ::1 at 2016-02-14 13:40:53 -0500


Started GET "/assets/jquery.self-c64a74367bda6ef8b860f19e74df08927ca99d2be2ac934e9e92d5fd361e0da4.js?body=1" for ::1 at 2016-02-14 13:40:53 -0500


Started POST "/search" for ::1 at 2016-02-14 13:41:36 -0500
Processing by SearchesController#foursquare as HTML
  Parameters: {"utf8"=>"✓", "authenticity_token"=>"5JVFii49U+rerhk7GV7AUO32lCC/0ff6LqAGRpU9a0pK6AgF9ffF5/xsS1GWCRW4gVD2IMPS7CRLhhS0VFUNug==", "zipcode"=>"11238", "commit"=>"Search!"}
  Rendered searches/search.html.erb within layouts/application (5.7ms)
Completed 200 OK in 237ms (Views: 19.9ms | ActiveRecord: 0.0ms)


Started GET "/assets/jquery.self-c64a74367bda6ef8b860f19e74df08927ca99d2be2ac934e9e92d5fd361e0da4.js?body=1" for ::1 at 2016-02-14 13:41:36 -0500


Started GET "/assets/application.self-e80e8f2318043e8af94dddc2adad5a4f09739a8ebb323b3ab31cd71d45fd9113.css?body=1" for ::1 at 2016-02-14 13:41:36 -0500


Started GET "/assets/jquery_ujs.self-d602bdfe68ffc63b9f9cc512872aa3cfff046228a0a36e90dd476e8ef54c1b09.js?body=1" for ::1 at 2016-02-14 13:41:36 -0500


Started GET "/assets/turbolinks.self-c37727e9bd6b2735da5c311aa83fead54ed0be6cc8bd9a65309e9c5abe2cbfff.js?body=1" for ::1 at 2016-02-14 13:41:36 -0500


Started GET "/assets/application.self-3b8dabdc891efe46b9a144b400ad69e37d7e5876bdc39dee783419a69d7ca819.js?body=1" for ::1 at 2016-02-14 13:41:36 -0500


Started POST "/search" for ::1 at 2016-02-14 13:42:35 -0500
Processing by SearchesController#foursquare as HTML
  Parameters: {"utf8"=>"✓", "authenticity_token"=>"5JVFii49U+rerhk7GV7AUO32lCC/0ff6LqAGRpU9a0pK6AgF9ffF5/xsS1GWCRW4gVD2IMPS7CRLhhS0VFUNug==", "zipcode"=>"11238", "commit"=>"Search!"}
  Rendered searches/search.html.erb within layouts/application (1.5ms)
Completed 200 OK in 301ms (Views: 12.3ms | ActiveRecord: 0.0ms)


Started GET "/assets/application.self-e80e8f2318043e8af94dddc2adad5a4f09739a8ebb323b3ab31cd71d45fd9113.css?body=1" for ::1 at 2016-02-14 13:42:35 -0500


Started GET "/assets/jquery.self-c64a74367bda6ef8b860f19e74df08927ca99d2be2ac934e9e92d5fd361e0da4.js?body=1" for ::1 at 2016-02-14 13:42:35 -0500


Started GET "/assets/jquery_ujs.self-d602bdfe68ffc63b9f9cc512872aa3cfff046228a0a36e90dd476e8ef54c1b09.js?body=1" for ::1 at 2016-02-14 13:42:35 -0500


Started GET "/assets/turbolinks.self-c37727e9bd6b2735da5c311aa83fead54ed0be6cc8bd9a65309e9c5abe2cbfff.js?body=1" for ::1 at 2016-02-14 13:42:35 -0500


Started GET "/assets/application.self-3b8dabdc891efe46b9a144b400ad69e37d7e5876bdc39dee783419a69d7ca819.js?body=1" for ::1 at 2016-02-14 13:42:35 -0500


Started POST "/search" for ::1 at 2016-02-14 13:42:58 -0500
Processing by SearchesController#foursquare as HTML
  Parameters: {"utf8"=>"✓", "authenticity_token"=>"5JVFii49U+rerhk7GV7AUO32lCC/0ff6LqAGRpU9a0pK6AgF9ffF5/xsS1GWCRW4gVD2IMPS7CRLhhS0VFUNug==", "zipcode"=>"11238", "commit"=>"Search!"}
  Rendered searches/search.html.erb within layouts/application (1.4ms)
Completed 200 OK in 216ms (Views: 12.8ms | ActiveRecord: 0.0ms)


Started GET "/assets/application.self-e80e8f2318043e8af94dddc2adad5a4f09739a8ebb323b3ab31cd71d45fd9113.css?body=1" for ::1 at 2016-02-14 13:42:58 -0500


Started GET "/assets/turbolinks.self-c37727e9bd6b2735da5c311aa83fead54ed0be6cc8bd9a65309e9c5abe2cbfff.js?body=1" for ::1 at 2016-02-14 13:42:58 -0500


Started GET "/assets/jquery.self-c64a74367bda6ef8b860f19e74df08927ca99d2be2ac934e9e92d5fd361e0da4.js?body=1" for ::1 at 2016-02-14 13:42:58 -0500


Started GET "/assets/jquery_ujs.self-d602bdfe68ffc63b9f9cc512872aa3cfff046228a0a36e90dd476e8ef54c1b09.js?body=1" for ::1 at 2016-02-14 13:42:58 -0500


Started GET "/assets/application.self-3b8dabdc891efe46b9a144b400ad69e37d7e5876bdc39dee783419a69d7ca819.js?body=1" for ::1 at 2016-02-14 13:42:58 -0500


Started POST "/search" for ::1 at 2016-02-14 13:46:11 -0500
Processing by SearchesController#foursquare as HTML
  Parameters: {"utf8"=>"✓", "authenticity_token"=>"3oQOXePI79Za7IWXZAfm8IIJ/Ki2OEX9y2NBci+u5nZw+UPSOAJ523gu1/3rUDMY7q+eqMo7XiOuRVOA7saAhg==", "zipcode"=>"", "commit"=>"Search!"}
  Rendered searches/search.html.erb within layouts/application (2.7ms)
Completed 500 Internal Server Error in 490ms (ActiveRecord: 0.0ms)

ActionView::Template::Error (undefined method `each' for nil:NilClass):
     6: <% end %>
     7: <div>
     8:   <ul>
     9:   <% @venues.each do |venue| %>
    10:     <li>
    11:       <%= venue["name"] %><br>
    12:       <%= venue["location"]["address"] %><br>
  app/views/searches/search.html.erb:9:in `_app_views_searches_search_html_erb___4030542215762193960_70224206915160'
  app/controllers/searches_controller.rb:19:in `foursquare'


  Rendered /Users/scottcreynolds/.rvm/gems/ruby-2.1.2/gems/actionpack-4.2.5/lib/action_dispatch/middleware/templates/rescues/_source.erb (8.8ms)
  Rendered /Users/scottcreynolds/.rvm/gems/ruby-2.1.2/gems/actionpack-4.2.5/lib/action_dispatch/middleware/templates/rescues/_trace.html.erb (2.8ms)
  Rendered /Users/scottcreynolds/.rvm/gems/ruby-2.1.2/gems/actionpack-4.2.5/lib/action_dispatch/middleware/templates/rescues/_request_and_response.html.erb (1.1ms)
  Rendered /Users/scottcreynolds/.rvm/gems/ruby-2.1.2/gems/actionpack-4.2.5/lib/action_dispatch/middleware/templates/rescues/template_error.html.erb within rescues/layout (25.0ms)
  Rendered /Users/scottcreynolds/.rvm/gems/ruby-2.1.2/gems/web-console-2.3.0/lib/web_console/templates/_markup.html.erb (0.4ms)
  Rendered /Users/scottcreynolds/.rvm/gems/ruby-2.1.2/gems/web-console-2.3.0/lib/web_console/templates/_inner_console_markup.html.erb within layouts/inlined_string (0.4ms)
  Rendered /Users/scottcreynolds/.rvm/gems/ruby-2.1.2/gems/web-console-2.3.0/lib/web_console/templates/_prompt_box_markup.html.erb within layouts/inlined_string (0.3ms)
  Rendered /Users/scottcreynolds/.rvm/gems/ruby-2.1.2/gems/web-console-2.3.0/lib/web_console/templates/style.css.erb within layouts/inlined_string (0.4ms)
  Rendered /Users/scottcreynolds/.rvm/gems/ruby-2.1.2/gems/web-console-2.3.0/lib/web_console/templates/console.js.erb within layouts/javascript (15.4ms)
  Rendered /Users/scottcreynolds/.rvm/gems/ruby-2.1.2/gems/web-console-2.3.0/lib/web_console/templates/main.js.erb within layouts/javascript (0.2ms)
  Rendered /Users/scottcreynolds/.rvm/gems/ruby-2.1.2/gems/web-console-2.3.0/lib/web_console/templates/error_page.js.erb within layouts/javascript (0.3ms)
  Rendered /Users/scottcreynolds/.rvm/gems/ruby-2.1.2/gems/web-console-2.3.0/lib/web_console/templates/index.html.erb (31.6ms)


Started POST "/search" for ::1 at 2016-02-14 14:00:31 -0500
Processing by SearchesController#foursquare as HTML
  Parameters: {"utf8"=>"✓", "authenticity_token"=>"3oQOXePI79Za7IWXZAfm8IIJ/Ki2OEX9y2NBci+u5nZw+UPSOAJ523gu1/3rUDMY7q+eqMo7XiOuRVOA7saAhg==", "zipcode"=>"", "commit"=>"Search!"}
  Rendered searches/search.html.erb within layouts/application (6.5ms)
Completed 500 Internal Server Error in 97ms (ActiveRecord: 0.0ms)

ActionView::Template::Error (undefined method `each' for nil:NilClass):
     9:     <p><%= @error %></p>
    10:   <% else %>
    11:     <ul>
    12:     <% @venues.each do |venue| %>
    13:       <li>
    14:         <%= venue["name"] %><br>
    15:         <%= venue["location"]["address"] %><br>
  app/views/searches/search.html.erb:12:in `_app_views_searches_search_html_erb___4030542215762193960_70224182593840'
  app/controllers/searches_controller.rb:23:in `foursquare'


  Rendered /Users/scottcreynolds/.rvm/gems/ruby-2.1.2/gems/actionpack-4.2.5/lib/action_dispatch/middleware/templates/rescues/_source.erb (7.5ms)
  Rendered /Users/scottcreynolds/.rvm/gems/ruby-2.1.2/gems/actionpack-4.2.5/lib/action_dispatch/middleware/templates/rescues/_trace.html.erb (3.3ms)
  Rendered /Users/scottcreynolds/.rvm/gems/ruby-2.1.2/gems/actionpack-4.2.5/lib/action_dispatch/middleware/templates/rescues/_request_and_response.html.erb (1.3ms)
  Rendered /Users/scottcreynolds/.rvm/gems/ruby-2.1.2/gems/actionpack-4.2.5/lib/action_dispatch/middleware/templates/rescues/template_error.html.erb within rescues/layout (24.4ms)
  Rendered /Users/scottcreynolds/.rvm/gems/ruby-2.1.2/gems/web-console-2.3.0/lib/web_console/templates/_markup.html.erb (0.4ms)
  Rendered /Users/scottcreynolds/.rvm/gems/ruby-2.1.2/gems/web-console-2.3.0/lib/web_console/templates/_inner_console_markup.html.erb within layouts/inlined_string (0.3ms)
  Rendered /Users/scottcreynolds/.rvm/gems/ruby-2.1.2/gems/web-console-2.3.0/lib/web_console/templates/_prompt_box_markup.html.erb within layouts/inlined_string (0.2ms)
  Rendered /Users/scottcreynolds/.rvm/gems/ruby-2.1.2/gems/web-console-2.3.0/lib/web_console/templates/style.css.erb within layouts/inlined_string (0.4ms)
  Rendered /Users/scottcreynolds/.rvm/gems/ruby-2.1.2/gems/web-console-2.3.0/lib/web_console/templates/console.js.erb within layouts/javascript (15.2ms)
  Rendered /Users/scottcreynolds/.rvm/gems/ruby-2.1.2/gems/web-console-2.3.0/lib/web_console/templates/main.js.erb within layouts/javascript (0.4ms)
  Rendered /Users/scottcreynolds/.rvm/gems/ruby-2.1.2/gems/web-console-2.3.0/lib/web_console/templates/error_page.js.erb within layouts/javascript (0.4ms)
  Rendered /Users/scottcreynolds/.rvm/gems/ruby-2.1.2/gems/web-console-2.3.0/lib/web_console/templates/index.html.erb (32.5ms)


Started POST "/search" for ::1 at 2016-02-14 14:00:44 -0500
Processing by SearchesController#foursquare as HTML
  Parameters: {"utf8"=>"✓", "authenticity_token"=>"3oQOXePI79Za7IWXZAfm8IIJ/Ki2OEX9y2NBci+u5nZw+UPSOAJ523gu1/3rUDMY7q+eqMo7XiOuRVOA7saAhg==", "zipcode"=>"", "commit"=>"Search!"}
  Rendered searches/search.html.erb within layouts/application (3.2ms)
Completed 500 Internal Server Error in 364ms (ActiveRecord: 0.0ms)

ActionView::Template::Error (undefined method `each' for nil:NilClass):
     9:     <p><%= @error %></p>
    10:   <% else %>
    11:     <ul>
    12:     <% @venues.each do |venue| %>
    13:       <li>
    14:         <%= venue["name"] %><br>
    15:         <%= venue["location"]["address"] %><br>
  app/views/searches/search.html.erb:12:in `_app_views_searches_search_html_erb___4030542215762193960_70224182593840'
  app/controllers/searches_controller.rb:23:in `foursquare'


  Rendered /Users/scottcreynolds/.rvm/gems/ruby-2.1.2/gems/actionpack-4.2.5/lib/action_dispatch/middleware/templates/rescues/_source.erb (6.4ms)
  Rendered /Users/scottcreynolds/.rvm/gems/ruby-2.1.2/gems/actionpack-4.2.5/lib/action_dispatch/middleware/templates/rescues/_trace.html.erb (2.9ms)
  Rendered /Users/scottcreynolds/.rvm/gems/ruby-2.1.2/gems/actionpack-4.2.5/lib/action_dispatch/middleware/templates/rescues/_request_and_response.html.erb (1.0ms)
  Rendered /Users/scottcreynolds/.rvm/gems/ruby-2.1.2/gems/actionpack-4.2.5/lib/action_dispatch/middleware/templates/rescues/template_error.html.erb within rescues/layout (22.4ms)
  Rendered /Users/scottcreynolds/.rvm/gems/ruby-2.1.2/gems/web-console-2.3.0/lib/web_console/templates/_markup.html.erb (0.3ms)
  Rendered /Users/scottcreynolds/.rvm/gems/ruby-2.1.2/gems/web-console-2.3.0/lib/web_console/templates/_inner_console_markup.html.erb within layouts/inlined_string (0.4ms)
  Rendered /Users/scottcreynolds/.rvm/gems/ruby-2.1.2/gems/web-console-2.3.0/lib/web_console/templates/_prompt_box_markup.html.erb within layouts/inlined_string (0.4ms)
  Rendered /Users/scottcreynolds/.rvm/gems/ruby-2.1.2/gems/web-console-2.3.0/lib/web_console/templates/style.css.erb within layouts/inlined_string (0.4ms)
  Rendered /Users/scottcreynolds/.rvm/gems/ruby-2.1.2/gems/web-console-2.3.0/lib/web_console/templates/console.js.erb within layouts/javascript (16.2ms)
  Rendered /Users/scottcreynolds/.rvm/gems/ruby-2.1.2/gems/web-console-2.3.0/lib/web_console/templates/main.js.erb within layouts/javascript (0.3ms)
  Rendered /Users/scottcreynolds/.rvm/gems/ruby-2.1.2/gems/web-console-2.3.0/lib/web_console/templates/error_page.js.erb within layouts/javascript (0.5ms)
  Rendered /Users/scottcreynolds/.rvm/gems/ruby-2.1.2/gems/web-console-2.3.0/lib/web_console/templates/index.html.erb (32.2ms)


Started GET "/search" for ::1 at 2016-02-14 14:01:18 -0500
Processing by SearchesController#search as HTML
  Rendered searches/search.html.erb within layouts/application (2.2ms)
Completed 500 Internal Server Error in 4ms (ActiveRecord: 0.0ms)

ActionView::Template::Error (undefined method `each' for nil:NilClass):
     9:     <p><%= @error %></p>
    10:   <% else %>
    11:     <ul>
    12:     <% @venues.each do |venue| %>
    13:       <li>
    14:         <%= venue["name"] %><br>
    15:         <%= venue["location"]["address"] %><br>
  app/views/searches/search.html.erb:12:in `_app_views_searches_search_html_erb___4030542215762193960_70224182593840'


  Rendered /Users/scottcreynolds/.rvm/gems/ruby-2.1.2/gems/actionpack-4.2.5/lib/action_dispatch/middleware/templates/rescues/_source.erb (5.3ms)
  Rendered /Users/scottcreynolds/.rvm/gems/ruby-2.1.2/gems/actionpack-4.2.5/lib/action_dispatch/middleware/templates/rescues/_trace.html.erb (2.6ms)
  Rendered /Users/scottcreynolds/.rvm/gems/ruby-2.1.2/gems/actionpack-4.2.5/lib/action_dispatch/middleware/templates/rescues/_request_and_response.html.erb (0.8ms)
  Rendered /Users/scottcreynolds/.rvm/gems/ruby-2.1.2/gems/actionpack-4.2.5/lib/action_dispatch/middleware/templates/rescues/template_error.html.erb within rescues/layout (21.0ms)
  Rendered /Users/scottcreynolds/.rvm/gems/ruby-2.1.2/gems/web-console-2.3.0/lib/web_console/templates/_markup.html.erb (0.3ms)
  Rendered /Users/scottcreynolds/.rvm/gems/ruby-2.1.2/gems/web-console-2.3.0/lib/web_console/templates/_inner_console_markup.html.erb within layouts/inlined_string (0.5ms)
  Rendered /Users/scottcreynolds/.rvm/gems/ruby-2.1.2/gems/web-console-2.3.0/lib/web_console/templates/_prompt_box_markup.html.erb within layouts/inlined_string (0.3ms)
  Rendered /Users/scottcreynolds/.rvm/gems/ruby-2.1.2/gems/web-console-2.3.0/lib/web_console/templates/style.css.erb within layouts/inlined_string (0.3ms)
  Rendered /Users/scottcreynolds/.rvm/gems/ruby-2.1.2/gems/web-console-2.3.0/lib/web_console/templates/console.js.erb within layouts/javascript (15.4ms)
  Rendered /Users/scottcreynolds/.rvm/gems/ruby-2.1.2/gems/web-console-2.3.0/lib/web_console/templates/main.js.erb within layouts/javascript (0.3ms)
  Rendered /Users/scottcreynolds/.rvm/gems/ruby-2.1.2/gems/web-console-2.3.0/lib/web_console/templates/error_page.js.erb within layouts/javascript (0.4ms)
  Rendered /Users/scottcreynolds/.rvm/gems/ruby-2.1.2/gems/web-console-2.3.0/lib/web_console/templates/index.html.erb (32.6ms)


Started GET "/search" for ::1 at 2016-02-14 14:01:22 -0500
Processing by SearchesController#search as HTML
  Rendered searches/search.html.erb within layouts/application (1.8ms)
Completed 500 Internal Server Error in 4ms (ActiveRecord: 0.0ms)

ActionView::Template::Error (undefined method `each' for nil:NilClass):
     9:     <p><%= @error %></p>
    10:   <% else %>
    11:     <ul>
    12:     <% @venues.each do |venue| %>
    13:       <li>
    14:         <%= venue["name"] %><br>
    15:         <%= venue["location"]["address"] %><br>
  app/views/searches/search.html.erb:12:in `_app_views_searches_search_html_erb___4030542215762193960_70224182593840'


  Rendered /Users/scottcreynolds/.rvm/gems/ruby-2.1.2/gems/actionpack-4.2.5/lib/action_dispatch/middleware/templates/rescues/_source.erb (5.0ms)
  Rendered /Users/scottcreynolds/.rvm/gems/ruby-2.1.2/gems/actionpack-4.2.5/lib/action_dispatch/middleware/templates/rescues/_trace.html.erb (2.3ms)
  Rendered /Users/scottcreynolds/.rvm/gems/ruby-2.1.2/gems/actionpack-4.2.5/lib/action_dispatch/middleware/templates/rescues/_request_and_response.html.erb (0.9ms)
  Rendered /Users/scottcreynolds/.rvm/gems/ruby-2.1.2/gems/actionpack-4.2.5/lib/action_dispatch/middleware/templates/rescues/template_error.html.erb within rescues/layout (18.7ms)
  Rendered /Users/scottcreynolds/.rvm/gems/ruby-2.1.2/gems/web-console-2.3.0/lib/web_console/templates/_markup.html.erb (0.3ms)
  Rendered /Users/scottcreynolds/.rvm/gems/ruby-2.1.2/gems/web-console-2.3.0/lib/web_console/templates/_inner_console_markup.html.erb within layouts/inlined_string (0.4ms)
  Rendered /Users/scottcreynolds/.rvm/gems/ruby-2.1.2/gems/web-console-2.3.0/lib/web_console/templates/_prompt_box_markup.html.erb within layouts/inlined_string (0.3ms)
  Rendered /Users/scottcreynolds/.rvm/gems/ruby-2.1.2/gems/web-console-2.3.0/lib/web_console/templates/style.css.erb within layouts/inlined_string (0.6ms)
  Rendered /Users/scottcreynolds/.rvm/gems/ruby-2.1.2/gems/web-console-2.3.0/lib/web_console/templates/console.js.erb within layouts/javascript (15.9ms)
  Rendered /Users/scottcreynolds/.rvm/gems/ruby-2.1.2/gems/web-console-2.3.0/lib/web_console/templates/main.js.erb within layouts/javascript (0.3ms)
  Rendered /Users/scottcreynolds/.rvm/gems/ruby-2.1.2/gems/web-console-2.3.0/lib/web_console/templates/error_page.js.erb within layouts/javascript (0.4ms)
  Rendered /Users/scottcreynolds/.rvm/gems/ruby-2.1.2/gems/web-console-2.3.0/lib/web_console/templates/index.html.erb (31.7ms)


Started GET "/search" for ::1 at 2016-02-14 14:01:25 -0500
Processing by SearchesController#search as HTML
  Rendered searches/search.html.erb within layouts/application (1.5ms)
Completed 500 Internal Server Error in 3ms (ActiveRecord: 0.0ms)

ActionView::Template::Error (undefined method `each' for nil:NilClass):
     9:     <p><%= @error %></p>
    10:   <% else %>
    11:     <ul>
    12:     <% @venues.each do |venue| %>
    13:       <li>
    14:         <%= venue["name"] %><br>
    15:         <%= venue["location"]["address"] %><br>
  app/views/searches/search.html.erb:12:in `_app_views_searches_search_html_erb___4030542215762193960_70224182593840'


  Rendered /Users/scottcreynolds/.rvm/gems/ruby-2.1.2/gems/actionpack-4.2.5/lib/action_dispatch/middleware/templates/rescues/_source.erb (5.0ms)
  Rendered /Users/scottcreynolds/.rvm/gems/ruby-2.1.2/gems/actionpack-4.2.5/lib/action_dispatch/middleware/templates/rescues/_trace.html.erb (2.5ms)
  Rendered /Users/scottcreynolds/.rvm/gems/ruby-2.1.2/gems/actionpack-4.2.5/lib/action_dispatch/middleware/templates/rescues/_request_and_response.html.erb (0.8ms)
  Rendered /Users/scottcreynolds/.rvm/gems/ruby-2.1.2/gems/actionpack-4.2.5/lib/action_dispatch/middleware/templates/rescues/template_error.html.erb within rescues/layout (20.4ms)
  Rendered /Users/scottcreynolds/.rvm/gems/ruby-2.1.2/gems/web-console-2.3.0/lib/web_console/templates/_markup.html.erb (0.3ms)
  Rendered /Users/scottcreynolds/.rvm/gems/ruby-2.1.2/gems/web-console-2.3.0/lib/web_console/templates/_inner_console_markup.html.erb within layouts/inlined_string (0.3ms)
  Rendered /Users/scottcreynolds/.rvm/gems/ruby-2.1.2/gems/web-console-2.3.0/lib/web_console/templates/_prompt_box_markup.html.erb within layouts/inlined_string (0.2ms)
  Rendered /Users/scottcreynolds/.rvm/gems/ruby-2.1.2/gems/web-console-2.3.0/lib/web_console/templates/style.css.erb within layouts/inlined_string (0.3ms)
  Rendered /Users/scottcreynolds/.rvm/gems/ruby-2.1.2/gems/web-console-2.3.0/lib/web_console/templates/console.js.erb within layouts/javascript (14.2ms)
  Rendered /Users/scottcreynolds/.rvm/gems/ruby-2.1.2/gems/web-console-2.3.0/lib/web_console/templates/main.js.erb within layouts/javascript (0.2ms)
  Rendered /Users/scottcreynolds/.rvm/gems/ruby-2.1.2/gems/web-console-2.3.0/lib/web_console/templates/error_page.js.erb within layouts/javascript (0.3ms)
  Rendered /Users/scottcreynolds/.rvm/gems/ruby-2.1.2/gems/web-console-2.3.0/lib/web_console/templates/index.html.erb (27.4ms)


Started GET "/search" for ::1 at 2016-02-14 14:02:04 -0500
Processing by SearchesController#search as HTML
  Rendered searches/search.html.erb within layouts/application (2.0ms)
Completed 200 OK in 20ms (Views: 19.4ms | ActiveRecord: 0.0ms)


Started GET "/assets/jquery.self-c64a74367bda6ef8b860f19e74df08927ca99d2be2ac934e9e92d5fd361e0da4.js?body=1" for ::1 at 2016-02-14 14:02:04 -0500


Started GET "/assets/turbolinks.self-c37727e9bd6b2735da5c311aa83fead54ed0be6cc8bd9a65309e9c5abe2cbfff.js?body=1" for ::1 at 2016-02-14 14:02:04 -0500


Started GET "/assets/application.self-e80e8f2318043e8af94dddc2adad5a4f09739a8ebb323b3ab31cd71d45fd9113.css?body=1" for ::1 at 2016-02-14 14:02:04 -0500


Started GET "/assets/application.self-3b8dabdc891efe46b9a144b400ad69e37d7e5876bdc39dee783419a69d7ca819.js?body=1" for ::1 at 2016-02-14 14:02:04 -0500


Started GET "/assets/jquery_ujs.self-d602bdfe68ffc63b9f9cc512872aa3cfff046228a0a36e90dd476e8ef54c1b09.js?body=1" for ::1 at 2016-02-14 14:02:04 -0500


Started POST "/search" for ::1 at 2016-02-14 14:03:08 -0500
Processing by SearchesController#foursquare as HTML
  Parameters: {"utf8"=>"✓", "authenticity_token"=>"U94lmU/yUu4KyoWLo9YUSAi6BZX91/0IiSCl1ur54gb9o2gWlDjE4ygI1+EsgcGgZBxnlYHU5tbsBrckK5GE9g==", "zipcode"=>"", "commit"=>"Search!"}
  Rendered searches/search.html.erb within layouts/application (0.4ms)
Completed 200 OK in 499ms (Views: 10.9ms | ActiveRecord: 0.0ms)


Started POST "/search" for ::1 at 2016-02-14 14:03:13 -0500
Processing by SearchesController#foursquare as HTML
  Parameters: {"utf8"=>"✓", "authenticity_token"=>"fchRkJ7oOuZyVogDrsg47IAv/rtYtgdEFNslXeBR+5jTtRwfRSKs61CU2mkhn+0E7ImcuyS1HJpx/TevITmdaA==", "zipcode"=>"", "commit"=>"Search!"}
  Rendered searches/search.html.erb within layouts/application (0.5ms)
Completed 200 OK in 1206ms (Views: 14.0ms | ActiveRecord: 0.0ms)


Started POST "/search" for ::1 at 2016-02-14 14:03:34 -0500
Processing by SearchesController#foursquare as HTML
  Parameters: {"utf8"=>"✓", "authenticity_token"=>"MDc1HgMaNgWa89svVy5HAua59d9ejQVvzPxkQQm12P+eSniR2NCgCLgxiUXYeZLqih+X3yKOHrGp2nazyN2+Dw==", "zipcode"=>"", "commit"=>"Search!"}
  Rendered searches/search.html.erb within layouts/application (0.4ms)
Completed 200 OK in 216ms (Views: 13.0ms | ActiveRecord: 0.0ms)


Started POST "/search" for ::1 at 2016-02-14 14:13:49 -0500
Processing by SearchesController#foursquare as HTML
  Parameters: {"utf8"=>"✓", "authenticity_token"=>"kVbc5NcRBCtNHVsiHRxq8p7HyF202KLpSkUkWlFXAYY/K5FrDNuSJm/fCUiSS78a8mGqXcjbuTcvYzaokD9ndg==", "zipcode"=>"11238", "commit"=>"Search!"}
Completed 500 Internal Server Error in 510ms (ActiveRecord: 0.0ms)

Faraday::TimeoutError (Net::ReadTimeout):
  app/controllers/searches_controller.rb:9:in `foursquare'


  Rendered /Users/scottcreynolds/.rvm/gems/ruby-2.1.2/gems/actionpack-4.2.5/lib/action_dispatch/middleware/templates/rescues/_source.erb (7.5ms)
  Rendered /Users/scottcreynolds/.rvm/gems/ruby-2.1.2/gems/actionpack-4.2.5/lib/action_dispatch/middleware/templates/rescues/_trace.html.erb (3.5ms)
  Rendered /Users/scottcreynolds/.rvm/gems/ruby-2.1.2/gems/actionpack-4.2.5/lib/action_dispatch/middleware/templates/rescues/_request_and_response.html.erb (1.0ms)
  Rendered /Users/scottcreynolds/.rvm/gems/ruby-2.1.2/gems/actionpack-4.2.5/lib/action_dispatch/middleware/templates/rescues/diagnostics.html.erb within rescues/layout (25.1ms)
  Rendered /Users/scottcreynolds/.rvm/gems/ruby-2.1.2/gems/web-console-2.3.0/lib/web_console/templates/_markup.html.erb (0.4ms)
  Rendered /Users/scottcreynolds/.rvm/gems/ruby-2.1.2/gems/web-console-2.3.0/lib/web_console/templates/_inner_console_markup.html.erb within layouts/inlined_string (0.4ms)
  Rendered /Users/scottcreynolds/.rvm/gems/ruby-2.1.2/gems/web-console-2.3.0/lib/web_console/templates/_prompt_box_markup.html.erb within layouts/inlined_string (0.5ms)
  Rendered /Users/scottcreynolds/.rvm/gems/ruby-2.1.2/gems/web-console-2.3.0/lib/web_console/templates/style.css.erb within layouts/inlined_string (0.3ms)
  Rendered /Users/scottcreynolds/.rvm/gems/ruby-2.1.2/gems/web-console-2.3.0/lib/web_console/templates/console.js.erb within layouts/javascript (18.1ms)
  Rendered /Users/scottcreynolds/.rvm/gems/ruby-2.1.2/gems/web-console-2.3.0/lib/web_console/templates/main.js.erb within layouts/javascript (0.4ms)
  Rendered /Users/scottcreynolds/.rvm/gems/ruby-2.1.2/gems/web-console-2.3.0/lib/web_console/templates/error_page.js.erb within layouts/javascript (0.7ms)
  Rendered /Users/scottcreynolds/.rvm/gems/ruby-2.1.2/gems/web-console-2.3.0/lib/web_console/templates/index.html.erb (38.2ms)


Started POST "/search" for ::1 at 2016-02-14 14:15:44 -0500
Processing by SearchesController#foursquare as HTML
  Parameters: {"utf8"=>"✓", "authenticity_token"=>"kVbc5NcRBCtNHVsiHRxq8p7HyF202KLpSkUkWlFXAYY/K5FrDNuSJm/fCUiSS78a8mGqXcjbuTcvYzaokD9ndg==", "zipcode"=>"11238", "commit"=>"Search!"}
Completed 500 Internal Server Error in 84ms (ActiveRecord: 0.0ms)

NameError (undefined local variable or method `hi' for #<SearchesController:0x007fbcb0dcd6c8>):
  app/controllers/searches_controller.rb:18:in `rescue in foursquare'
  app/controllers/searches_controller.rb:6:in `foursquare'


  Rendered /Users/scottcreynolds/.rvm/gems/ruby-2.1.2/gems/actionpack-4.2.5/lib/action_dispatch/middleware/templates/rescues/_source.erb (6.1ms)
  Rendered /Users/scottcreynolds/.rvm/gems/ruby-2.1.2/gems/actionpack-4.2.5/lib/action_dispatch/middleware/templates/rescues/_trace.html.erb (2.3ms)
  Rendered /Users/scottcreynolds/.rvm/gems/ruby-2.1.2/gems/actionpack-4.2.5/lib/action_dispatch/middleware/templates/rescues/_request_and_response.html.erb (0.9ms)
  Rendered /Users/scottcreynolds/.rvm/gems/ruby-2.1.2/gems/actionpack-4.2.5/lib/action_dispatch/middleware/templates/rescues/diagnostics.html.erb within rescues/layout (25.1ms)
  Rendered /Users/scottcreynolds/.rvm/gems/ruby-2.1.2/gems/web-console-2.3.0/lib/web_console/templates/_markup.html.erb (0.5ms)
  Rendered /Users/scottcreynolds/.rvm/gems/ruby-2.1.2/gems/web-console-2.3.0/lib/web_console/templates/_inner_console_markup.html.erb within layouts/inlined_string (0.4ms)
  Rendered /Users/scottcreynolds/.rvm/gems/ruby-2.1.2/gems/web-console-2.3.0/lib/web_console/templates/_prompt_box_markup.html.erb within layouts/inlined_string (0.3ms)
  Rendered /Users/scottcreynolds/.rvm/gems/ruby-2.1.2/gems/web-console-2.3.0/lib/web_console/templates/style.css.erb within layouts/inlined_string (0.4ms)
  Rendered /Users/scottcreynolds/.rvm/gems/ruby-2.1.2/gems/web-console-2.3.0/lib/web_console/templates/console.js.erb within layouts/javascript (15.1ms)
  Rendered /Users/scottcreynolds/.rvm/gems/ruby-2.1.2/gems/web-console-2.3.0/lib/web_console/templates/main.js.erb within layouts/javascript (0.3ms)
  Rendered /Users/scottcreynolds/.rvm/gems/ruby-2.1.2/gems/web-console-2.3.0/lib/web_console/templates/error_page.js.erb within layouts/javascript (0.4ms)
  Rendered /Users/scottcreynolds/.rvm/gems/ruby-2.1.2/gems/web-console-2.3.0/lib/web_console/templates/index.html.erb (31.7ms)


Started POST "/search" for ::1 at 2016-02-14 14:15:55 -0500
Processing by SearchesController#foursquare as HTML
  Parameters: {"utf8"=>"✓", "authenticity_token"=>"kVbc5NcRBCtNHVsiHRxq8p7HyF202KLpSkUkWlFXAYY/K5FrDNuSJm/fCUiSS78a8mGqXcjbuTcvYzaokD9ndg==", "zipcode"=>"11238", "commit"=>"Search!"}
Completed 500 Internal Server Error in 76ms (ActiveRecord: 0.0ms)

NoMethodError (undefined method `body' for nil:NilClass):
  app/controllers/searches_controller.rb:19:in `rescue in foursquare'
  app/controllers/searches_controller.rb:6:in `foursquare'


  Rendered /Users/scottcreynolds/.rvm/gems/ruby-2.1.2/gems/actionpack-4.2.5/lib/action_dispatch/middleware/templates/rescues/_source.erb (4.6ms)
  Rendered /Users/scottcreynolds/.rvm/gems/ruby-2.1.2/gems/actionpack-4.2.5/lib/action_dispatch/middleware/templates/rescues/_trace.html.erb (2.2ms)
  Rendered /Users/scottcreynolds/.rvm/gems/ruby-2.1.2/gems/actionpack-4.2.5/lib/action_dispatch/middleware/templates/rescues/_request_and_response.html.erb (0.9ms)
  Rendered /Users/scottcreynolds/.rvm/gems/ruby-2.1.2/gems/actionpack-4.2.5/lib/action_dispatch/middleware/templates/rescues/diagnostics.html.erb within rescues/layout (20.3ms)
  Rendered /Users/scottcreynolds/.rvm/gems/ruby-2.1.2/gems/web-console-2.3.0/lib/web_console/templates/_markup.html.erb (0.3ms)
  Rendered /Users/scottcreynolds/.rvm/gems/ruby-2.1.2/gems/web-console-2.3.0/lib/web_console/templates/_inner_console_markup.html.erb within layouts/inlined_string (0.3ms)
  Rendered /Users/scottcreynolds/.rvm/gems/ruby-2.1.2/gems/web-console-2.3.0/lib/web_console/templates/_prompt_box_markup.html.erb within layouts/inlined_string (0.2ms)
  Rendered /Users/scottcreynolds/.rvm/gems/ruby-2.1.2/gems/web-console-2.3.0/lib/web_console/templates/style.css.erb within layouts/inlined_string (0.3ms)
  Rendered /Users/scottcreynolds/.rvm/gems/ruby-2.1.2/gems/web-console-2.3.0/lib/web_console/templates/console.js.erb within layouts/javascript (16.2ms)
  Rendered /Users/scottcreynolds/.rvm/gems/ruby-2.1.2/gems/web-console-2.3.0/lib/web_console/templates/main.js.erb within layouts/javascript (0.3ms)
  Rendered /Users/scottcreynolds/.rvm/gems/ruby-2.1.2/gems/web-console-2.3.0/lib/web_console/templates/error_page.js.erb within layouts/javascript (0.5ms)
  Rendered /Users/scottcreynolds/.rvm/gems/ruby-2.1.2/gems/web-console-2.3.0/lib/web_console/templates/index.html.erb (31.2ms)


Started POST "/search" for ::1 at 2016-02-14 14:16:15 -0500
Processing by SearchesController#foursquare as HTML
  Parameters: {"utf8"=>"✓", "authenticity_token"=>"kVbc5NcRBCtNHVsiHRxq8p7HyF202KLpSkUkWlFXAYY/K5FrDNuSJm/fCUiSS78a8mGqXcjbuTcvYzaokD9ndg==", "zipcode"=>"11238", "commit"=>"Search!"}
  Rendered searches/search.html.erb within layouts/application (0.5ms)
Completed 200 OK in 501ms (Views: 16.7ms | ActiveRecord: 0.0ms)


Started GET "/assets/jquery.self-c64a74367bda6ef8b860f19e74df08927ca99d2be2ac934e9e92d5fd361e0da4.js?body=1" for ::1 at 2016-02-14 14:16:16 -0500


Started GET "/assets/application.self-3b8dabdc891efe46b9a144b400ad69e37d7e5876bdc39dee783419a69d7ca819.js?body=1" for ::1 at 2016-02-14 14:16:16 -0500


Started GET "/assets/jquery_ujs.self-d602bdfe68ffc63b9f9cc512872aa3cfff046228a0a36e90dd476e8ef54c1b09.js?body=1" for ::1 at 2016-02-14 14:16:16 -0500


Started GET "/assets/turbolinks.self-c37727e9bd6b2735da5c311aa83fead54ed0be6cc8bd9a65309e9c5abe2cbfff.js?body=1" for ::1 at 2016-02-14 14:16:16 -0500


Started GET "/assets/application.self-e80e8f2318043e8af94dddc2adad5a4f09739a8ebb323b3ab31cd71d45fd9113.css?body=1" for ::1 at 2016-02-14 14:16:16 -0500


Started POST "/search" for ::1 at 2016-02-14 14:20:49 -0500
Processing by SearchesController#foursquare as HTML
  Parameters: {"utf8"=>"✓", "authenticity_token"=>"wub2BnTi6EkHSzOGXetn/qRT75c82hZDr9BAf74xoIlsm7uJryh+RCWJYezSvLIWyPWNl0DZDZ3K9lKNf1nGeQ==", "zipcode"=>"12312", "commit"=>"Search!"}
  Rendered searches/search.html.erb within layouts/application (0.4ms)
Completed 200 OK in 512ms (Views: 16.3ms | ActiveRecord: 0.0ms)


Started GET "/" for ::1 at 2016-02-14 23:12:02 -0500
Processing by SearchesController#search as HTML
  Rendered searches/search.html.erb within layouts/application (2.0ms)
Completed 200 OK in 249ms (Views: 239.2ms | ActiveRecord: 0.0ms)


Started POST "/search" for ::1 at 2016-02-14 23:12:09 -0500
Processing by SearchesController#foursquare as HTML
  Parameters: {"utf8"=>"✓", "authenticity_token"=>"uJ/rBHWvHTo4Kung4O61JPGSQaAoZE8x0vdhashY084W4qaLrmWLNxrou4pvuWDMnTQjoFRnVO+30XOYCTC1Pg==", "zipcode"=>"11234", "commit"=>"Search!"}
  Rendered searches/search.html.erb within layouts/application (0.4ms)
Completed 200 OK in 140ms (Views: 13.5ms | ActiveRecord: 0.0ms)


Started POST "/search" for ::1 at 2016-02-14 23:12:13 -0500
Processing by SearchesController#foursquare as HTML
  Parameters: {"utf8"=>"✓", "authenticity_token"=>"S5NZYLhLcQju6QEsfU/YmQmcAWF8+qZoxAticbq5lfrl7hTvY4HnBcwrU0byGA1xZTpjYQD5vbahLXCDe9HzCg==", "zipcode"=>"11238", "commit"=>"Search!"}
  Rendered searches/search.html.erb within layouts/application (0.3ms)
Completed 200 OK in 86ms (Views: 9.2ms | ActiveRecord: 0.0ms)


Started POST "/search" for ::1 at 2016-02-14 23:12:41 -0500
Processing by SearchesController#foursquare as HTML
  Parameters: {"utf8"=>"✓", "authenticity_token"=>"dSYRhHLRRtqGkpmWtTWAMZgbJFHF4EKHCkoWxyjg3i3bW1wLqRvQ16RQy/w6YlXZ9L1GUbnjWVlvbAQ16Yi43Q==", "zipcode"=>"12138", "commit"=>"Search!"}
Completed 500 Internal Server Error in 174ms (ActiveRecord: 0.0ms)

ActionView::MissingTemplate (Missing template searches/foursquare, application/foursquare with {:locale=>[:en], :formats=>[:html], :variants=>[], :handlers=>[:erb, :builder, :raw, :ruby, :coffee, :jbuilder]}. Searched in:
  * "/Users/scottcreynolds/code/learn/unit15/web-auth-readme/app/views"
):
  actionview (4.2.5) lib/action_view/path_set.rb:46:in `find'
  actionview (4.2.5) lib/action_view/lookup_context.rb:121:in `find'
  actionview (4.2.5) lib/action_view/renderer/abstract_renderer.rb:18:in `find_template'
  actionview (4.2.5) lib/action_view/renderer/template_renderer.rb:40:in `determine_template'
  actionview (4.2.5) lib/action_view/renderer/template_renderer.rb:8:in `render'
  actionview (4.2.5) lib/action_view/renderer/renderer.rb:42:in `render_template'
  actionview (4.2.5) lib/action_view/renderer/renderer.rb:23:in `render'
  actionview (4.2.5) lib/action_view/rendering.rb:100:in `_render_template'
  actionpack (4.2.5) lib/action_controller/metal/streaming.rb:217:in `_render_template'
  actionview (4.2.5) lib/action_view/rendering.rb:83:in `render_to_body'
  actionpack (4.2.5) lib/action_controller/metal/rendering.rb:32:in `render_to_body'
  actionpack (4.2.5) lib/action_controller/metal/renderers.rb:37:in `render_to_body'
  actionpack (4.2.5) lib/abstract_controller/rendering.rb:25:in `render'
  actionpack (4.2.5) lib/action_controller/metal/rendering.rb:16:in `render'
  actionpack (4.2.5) lib/action_controller/metal/instrumentation.rb:44:in `block (2 levels) in render'
  activesupport (4.2.5) lib/active_support/core_ext/benchmark.rb:12:in `block in ms'
  /Users/scottcreynolds/.rvm/rubies/ruby-2.1.2/lib/ruby/2.1.0/benchmark.rb:294:in `realtime'
  activesupport (4.2.5) lib/active_support/core_ext/benchmark.rb:12:in `ms'
  actionpack (4.2.5) lib/action_controller/metal/instrumentation.rb:44:in `block in render'
  actionpack (4.2.5) lib/action_controller/metal/instrumentation.rb:87:in `cleanup_view_runtime'
  activerecord (4.2.5) lib/active_record/railties/controller_runtime.rb:25:in `cleanup_view_runtime'
  actionpack (4.2.5) lib/action_controller/metal/instrumentation.rb:43:in `render'
  actionpack (4.2.5) lib/action_controller/metal/implicit_render.rb:10:in `default_render'
  actionpack (4.2.5) lib/action_controller/metal/implicit_render.rb:5:in `send_action'
  actionpack (4.2.5) lib/abstract_controller/base.rb:198:in `process_action'
  actionpack (4.2.5) lib/action_controller/metal/rendering.rb:10:in `process_action'
  actionpack (4.2.5) lib/abstract_controller/callbacks.rb:20:in `block in process_action'
  activesupport (4.2.5) lib/active_support/callbacks.rb:117:in `call'
  activesupport (4.2.5) lib/active_support/callbacks.rb:117:in `call'
  activesupport (4.2.5) lib/active_support/callbacks.rb:555:in `block (2 levels) in compile'
  activesupport (4.2.5) lib/active_support/callbacks.rb:505:in `call'
  activesupport (4.2.5) lib/active_support/callbacks.rb:505:in `call'
  activesupport (4.2.5) lib/active_support/callbacks.rb:92:in `__run_callbacks__'
  activesupport (4.2.5) lib/active_support/callbacks.rb:778:in `_run_process_action_callbacks'
  activesupport (4.2.5) lib/active_support/callbacks.rb:81:in `run_callbacks'
  actionpack (4.2.5) lib/abstract_controller/callbacks.rb:19:in `process_action'
  actionpack (4.2.5) lib/action_controller/metal/rescue.rb:29:in `process_action'
  actionpack (4.2.5) lib/action_controller/metal/instrumentation.rb:32:in `block in process_action'
  activesupport (4.2.5) lib/active_support/notifications.rb:164:in `block in instrument'
  activesupport (4.2.5) lib/active_support/notifications/instrumenter.rb:20:in `instrument'
  activesupport (4.2.5) lib/active_support/notifications.rb:164:in `instrument'
  actionpack (4.2.5) lib/action_controller/metal/instrumentation.rb:30:in `process_action'
  actionpack (4.2.5) lib/action_controller/metal/params_wrapper.rb:250:in `process_action'
  activerecord (4.2.5) lib/active_record/railties/controller_runtime.rb:18:in `process_action'
  actionpack (4.2.5) lib/abstract_controller/base.rb:137:in `process'
  actionview (4.2.5) lib/action_view/rendering.rb:30:in `process'
  actionpack (4.2.5) lib/action_controller/metal.rb:196:in `dispatch'
  actionpack (4.2.5) lib/action_controller/metal/rack_delegation.rb:13:in `dispatch'
  actionpack (4.2.5) lib/action_controller/metal.rb:237:in `block in action'
  actionpack (4.2.5) lib/action_dispatch/routing/route_set.rb:76:in `call'
  actionpack (4.2.5) lib/action_dispatch/routing/route_set.rb:76:in `dispatch'
  actionpack (4.2.5) lib/action_dispatch/routing/route_set.rb:45:in `serve'
  actionpack (4.2.5) lib/action_dispatch/journey/router.rb:43:in `block in serve'
  actionpack (4.2.5) lib/action_dispatch/journey/router.rb:30:in `each'
  actionpack (4.2.5) lib/action_dispatch/journey/router.rb:30:in `serve'
  actionpack (4.2.5) lib/action_dispatch/routing/route_set.rb:817:in `call'
  rack (1.6.4) lib/rack/etag.rb:24:in `call'
  rack (1.6.4) lib/rack/conditionalget.rb:38:in `call'
  rack (1.6.4) lib/rack/head.rb:13:in `call'
  actionpack (4.2.5) lib/action_dispatch/middleware/params_parser.rb:27:in `call'
  actionpack (4.2.5) lib/action_dispatch/middleware/flash.rb:260:in `call'
  rack (1.6.4) lib/rack/session/abstract/id.rb:225:in `context'
  rack (1.6.4) lib/rack/session/abstract/id.rb:220:in `call'
  actionpack (4.2.5) lib/action_dispatch/middleware/cookies.rb:560:in `call'
  activerecord (4.2.5) lib/active_record/query_cache.rb:36:in `call'
  activerecord (4.2.5) lib/active_record/connection_adapters/abstract/connection_pool.rb:653:in `call'
  activerecord (4.2.5) lib/active_record/migration.rb:377:in `call'
  actionpack (4.2.5) lib/action_dispatch/middleware/callbacks.rb:29:in `block in call'
  activesupport (4.2.5) lib/active_support/callbacks.rb:88:in `__run_callbacks__'
  activesupport (4.2.5) lib/active_support/callbacks.rb:778:in `_run_call_callbacks'
  activesupport (4.2.5) lib/active_support/callbacks.rb:81:in `run_callbacks'
  actionpack (4.2.5) lib/action_dispatch/middleware/callbacks.rb:27:in `call'
  actionpack (4.2.5) lib/action_dispatch/middleware/reloader.rb:73:in `call'
  actionpack (4.2.5) lib/action_dispatch/middleware/remote_ip.rb:78:in `call'
  actionpack (4.2.5) lib/action_dispatch/middleware/debug_exceptions.rb:17:in `call'
  web-console (2.3.0) lib/web_console/middleware.rb:28:in `block in call'
  web-console (2.3.0) lib/web_console/middleware.rb:18:in `catch'
  web-console (2.3.0) lib/web_console/middleware.rb:18:in `call'
  actionpack (4.2.5) lib/action_dispatch/middleware/show_exceptions.rb:30:in `call'
  railties (4.2.5) lib/rails/rack/logger.rb:38:in `call_app'
  railties (4.2.5) lib/rails/rack/logger.rb:20:in `block in call'
  activesupport (4.2.5) lib/active_support/tagged_logging.rb:68:in `block in tagged'
  activesupport (4.2.5) lib/active_support/tagged_logging.rb:26:in `tagged'
  activesupport (4.2.5) lib/active_support/tagged_logging.rb:68:in `tagged'
  railties (4.2.5) lib/rails/rack/logger.rb:20:in `call'
  actionpack (4.2.5) lib/action_dispatch/middleware/request_id.rb:21:in `call'
  rack (1.6.4) lib/rack/methodoverride.rb:22:in `call'
  rack (1.6.4) lib/rack/runtime.rb:18:in `call'
  activesupport (4.2.5) lib/active_support/cache/strategy/local_cache_middleware.rb:28:in `call'
  rack (1.6.4) lib/rack/lock.rb:17:in `call'
  actionpack (4.2.5) lib/action_dispatch/middleware/static.rb:116:in `call'
  rack (1.6.4) lib/rack/sendfile.rb:113:in `call'
  railties (4.2.5) lib/rails/engine.rb:518:in `call'
  railties (4.2.5) lib/rails/application.rb:165:in `call'
  rack (1.6.4) lib/rack/lock.rb:17:in `call'
  rack (1.6.4) lib/rack/content_length.rb:15:in `call'
  rack (1.6.4) lib/rack/handler/webrick.rb:88:in `service'
  /Users/scottcreynolds/.rvm/rubies/ruby-2.1.2/lib/ruby/2.1.0/webrick/httpserver.rb:138:in `service'
  /Users/scottcreynolds/.rvm/rubies/ruby-2.1.2/lib/ruby/2.1.0/webrick/httpserver.rb:94:in `run'
  /Users/scottcreynolds/.rvm/rubies/ruby-2.1.2/lib/ruby/2.1.0/webrick/server.rb:295:in `block in start_thread'


  Rendered /Users/scottcreynolds/.rvm/gems/ruby-2.1.2/gems/actionpack-4.2.5/lib/action_dispatch/middleware/templates/rescues/_source.erb (5.2ms)
  Rendered /Users/scottcreynolds/.rvm/gems/ruby-2.1.2/gems/actionpack-4.2.5/lib/action_dispatch/middleware/templates/rescues/_trace.html.erb (2.2ms)
  Rendered /Users/scottcreynolds/.rvm/gems/ruby-2.1.2/gems/actionpack-4.2.5/lib/action_dispatch/middleware/templates/rescues/_request_and_response.html.erb (0.9ms)
  Rendered /Users/scottcreynolds/.rvm/gems/ruby-2.1.2/gems/actionpack-4.2.5/lib/action_dispatch/middleware/templates/rescues/missing_template.html.erb within rescues/layout (22.7ms)
  Rendered /Users/scottcreynolds/.rvm/gems/ruby-2.1.2/gems/web-console-2.3.0/lib/web_console/templates/_markup.html.erb (0.3ms)
  Rendered /Users/scottcreynolds/.rvm/gems/ruby-2.1.2/gems/web-console-2.3.0/lib/web_console/templates/_inner_console_markup.html.erb within layouts/inlined_string (0.3ms)
  Rendered /Users/scottcreynolds/.rvm/gems/ruby-2.1.2/gems/web-console-2.3.0/lib/web_console/templates/_prompt_box_markup.html.erb within layouts/inlined_string (0.3ms)
  Rendered /Users/scottcreynolds/.rvm/gems/ruby-2.1.2/gems/web-console-2.3.0/lib/web_console/templates/style.css.erb within layouts/inlined_string (0.3ms)
  Rendered /Users/scottcreynolds/.rvm/gems/ruby-2.1.2/gems/web-console-2.3.0/lib/web_console/templates/console.js.erb within layouts/javascript (32.8ms)
  Rendered /Users/scottcreynolds/.rvm/gems/ruby-2.1.2/gems/web-console-2.3.0/lib/web_console/templates/main.js.erb within layouts/javascript (0.3ms)
  Rendered /Users/scottcreynolds/.rvm/gems/ruby-2.1.2/gems/web-console-2.3.0/lib/web_console/templates/error_page.js.erb within layouts/javascript (0.5ms)
  Rendered /Users/scottcreynolds/.rvm/gems/ruby-2.1.2/gems/web-console-2.3.0/lib/web_console/templates/index.html.erb (55.7ms)


Started POST "/search" for ::1 at 2016-02-14 23:13:30 -0500
Processing by SearchesController#foursquare as HTML
  Parameters: {"utf8"=>"✓", "authenticity_token"=>"dSYRhHLRRtqGkpmWtTWAMZgbJFHF4EKHCkoWxyjg3i3bW1wLqRvQ16RQy/w6YlXZ9L1GUbnjWVlvbAQ16Yi43Q==", "zipcode"=>"12138", "commit"=>"Search!"}
  Rendered searches/search.html.erb within layouts/application (1.0ms)
Completed 200 OK in 175ms (Views: 16.8ms | ActiveRecord: 0.0ms)


Started GET "/assets/application.self-e80e8f2318043e8af94dddc2adad5a4f09739a8ebb323b3ab31cd71d45fd9113.css?body=1" for ::1 at 2016-02-14 23:13:31 -0500


Started GET "/assets/jquery.self-c64a74367bda6ef8b860f19e74df08927ca99d2be2ac934e9e92d5fd361e0da4.js?body=1" for ::1 at 2016-02-14 23:13:31 -0500


Started GET "/assets/jquery_ujs.self-d602bdfe68ffc63b9f9cc512872aa3cfff046228a0a36e90dd476e8ef54c1b09.js?body=1" for ::1 at 2016-02-14 23:13:31 -0500


Started GET "/assets/application.self-3b8dabdc891efe46b9a144b400ad69e37d7e5876bdc39dee783419a69d7ca819.js?body=1" for ::1 at 2016-02-14 23:13:31 -0500


Started GET "/assets/turbolinks.self-c37727e9bd6b2735da5c311aa83fead54ed0be6cc8bd9a65309e9c5abe2cbfff.js?body=1" for ::1 at 2016-02-14 23:13:31 -0500


Started GET "/" for ::1 at 2016-02-15 00:14:49 -0500
Processing by SearchesController#search as HTML
Redirected to https://foursquare.com/oauth2/authenticate?client_id=&response_type=code&redirect_uri=http%3A%2F%2Flocalhost%3A3000%2Fauth
Filter chain halted as :authenticate_user rendered or redirected
Completed 302 Found in 9ms (ActiveRecord: 0.0ms)


Started GET "/search" for ::1 at 2016-02-15 00:18:38 -0500
Processing by SearchesController#search as HTML
Redirected to https://foursquare.com/oauth2/authenticate?client_id=CO3LIXJPH1LYAC5OOTLKLJE334NVDIYG24KUFOVEQ22WVYDP&response_type=code&redirect_uri=http%3A%2F%2Flocalhost%3A3000%2Fauth
Filter chain halted as :authenticate_user rendered or redirected
Completed 302 Found in 10ms (ActiveRecord: 0.0ms)


Started GET "/auth?code=D1B0C1XWVYLWMBPPNYEUKERPILQW3TUGDJDT43FUYQSLR0DP" for ::1 at 2016-02-15 00:18:54 -0500

ActionController::RoutingError (No route matches [GET] "/auth"):
  actionpack (4.2.5) lib/action_dispatch/middleware/debug_exceptions.rb:21:in `call'
  web-console (2.3.0) lib/web_console/middleware.rb:28:in `block in call'
  web-console (2.3.0) lib/web_console/middleware.rb:18:in `catch'
  web-console (2.3.0) lib/web_console/middleware.rb:18:in `call'
  actionpack (4.2.5) lib/action_dispatch/middleware/show_exceptions.rb:30:in `call'
  railties (4.2.5) lib/rails/rack/logger.rb:38:in `call_app'
  railties (4.2.5) lib/rails/rack/logger.rb:20:in `block in call'
  activesupport (4.2.5) lib/active_support/tagged_logging.rb:68:in `block in tagged'
  activesupport (4.2.5) lib/active_support/tagged_logging.rb:26:in `tagged'
  activesupport (4.2.5) lib/active_support/tagged_logging.rb:68:in `tagged'
  railties (4.2.5) lib/rails/rack/logger.rb:20:in `call'
  actionpack (4.2.5) lib/action_dispatch/middleware/request_id.rb:21:in `call'
  rack (1.6.4) lib/rack/methodoverride.rb:22:in `call'
  rack (1.6.4) lib/rack/runtime.rb:18:in `call'
  activesupport (4.2.5) lib/active_support/cache/strategy/local_cache_middleware.rb:28:in `call'
  rack (1.6.4) lib/rack/lock.rb:17:in `call'
  actionpack (4.2.5) lib/action_dispatch/middleware/static.rb:116:in `call'
  rack (1.6.4) lib/rack/sendfile.rb:113:in `call'
  railties (4.2.5) lib/rails/engine.rb:518:in `call'
  railties (4.2.5) lib/rails/application.rb:165:in `call'
  rack (1.6.4) lib/rack/lock.rb:17:in `call'
  rack (1.6.4) lib/rack/content_length.rb:15:in `call'
  rack (1.6.4) lib/rack/handler/webrick.rb:88:in `service'
  /Users/scottcreynolds/.rvm/rubies/ruby-2.1.2/lib/ruby/2.1.0/webrick/httpserver.rb:138:in `service'
  /Users/scottcreynolds/.rvm/rubies/ruby-2.1.2/lib/ruby/2.1.0/webrick/httpserver.rb:94:in `run'
  /Users/scottcreynolds/.rvm/rubies/ruby-2.1.2/lib/ruby/2.1.0/webrick/server.rb:295:in `block in start_thread'


  Rendered /Users/scottcreynolds/.rvm/gems/ruby-2.1.2/gems/actionpack-4.2.5/lib/action_dispatch/middleware/templates/rescues/_trace.html.erb (1.4ms)
  Rendered /Users/scottcreynolds/.rvm/gems/ruby-2.1.2/gems/actionpack-4.2.5/lib/action_dispatch/middleware/templates/routes/_route.html.erb (0.7ms)
  Rendered /Users/scottcreynolds/.rvm/gems/ruby-2.1.2/gems/actionpack-4.2.5/lib/action_dispatch/middleware/templates/routes/_table.html.erb (7.9ms)
  Rendered /Users/scottcreynolds/.rvm/gems/ruby-2.1.2/gems/actionpack-4.2.5/lib/action_dispatch/middleware/templates/rescues/_request_and_response.html.erb (1.2ms)
  Rendered /Users/scottcreynolds/.rvm/gems/ruby-2.1.2/gems/actionpack-4.2.5/lib/action_dispatch/middleware/templates/rescues/routing_error.html.erb within rescues/layout (36.5ms)
  Rendered /Users/scottcreynolds/.rvm/gems/ruby-2.1.2/gems/web-console-2.3.0/lib/web_console/templates/_markup.html.erb (0.3ms)
  Rendered /Users/scottcreynolds/.rvm/gems/ruby-2.1.2/gems/web-console-2.3.0/lib/web_console/templates/_inner_console_markup.html.erb within layouts/inlined_string (0.3ms)
  Rendered /Users/scottcreynolds/.rvm/gems/ruby-2.1.2/gems/web-console-2.3.0/lib/web_console/templates/_prompt_box_markup.html.erb within layouts/inlined_string (0.3ms)
  Rendered /Users/scottcreynolds/.rvm/gems/ruby-2.1.2/gems/web-console-2.3.0/lib/web_console/templates/style.css.erb within layouts/inlined_string (0.4ms)
  Rendered /Users/scottcreynolds/.rvm/gems/ruby-2.1.2/gems/web-console-2.3.0/lib/web_console/templates/console.js.erb within layouts/javascript (30.5ms)
  Rendered /Users/scottcreynolds/.rvm/gems/ruby-2.1.2/gems/web-console-2.3.0/lib/web_console/templates/main.js.erb within layouts/javascript (0.3ms)
  Rendered /Users/scottcreynolds/.rvm/gems/ruby-2.1.2/gems/web-console-2.3.0/lib/web_console/templates/error_page.js.erb within layouts/javascript (0.5ms)
  Rendered /Users/scottcreynolds/.rvm/gems/ruby-2.1.2/gems/web-console-2.3.0/lib/web_console/templates/index.html.erb (50.1ms)


Started GET "/" for ::1 at 2016-02-15 00:33:50 -0500
Processing by SearchesController#search as HTML
Redirected to https://foursquare.com/oauth2/authenticate?client_id=CO3LIXJPH1LYAC5OOTLKLJE334NVDIYG24KUFOVEQ22WVYDP&response_type=code&redirect_uri=http%3A%2F%2Flocalhost%3A3000%2Fauth
Filter chain halted as :authenticate_user rendered or redirected
Completed 302 Found in 1ms (ActiveRecord: 0.0ms)


Started GET "/auth?code=WC4LCEOEUQFVKU3WRWTYEN4AWR1WX2QOLCGDUWCFC5QSTDC4" for ::1 at 2016-02-15 00:33:52 -0500
Processing by SessionsController#create as HTML
  Parameters: {"code"=>"WC4LCEOEUQFVKU3WRWTYEN4AWR1WX2QOLCGDUWCFC5QSTDC4"}
Redirected to http://localhost:3000/
Completed 302 Found in 134ms (ActiveRecord: 0.0ms)


Started GET "/" for ::1 at 2016-02-15 00:33:52 -0500
Processing by SearchesController#search as HTML
  Rendered searches/search.html.erb within layouts/application (1.0ms)
Completed 200 OK in 237ms (Views: 236.4ms | ActiveRecord: 0.0ms)


Started GET "/friends" for ::1 at 2016-02-15 00:49:34 -0500
Processing by SearchesController#friends as HTML
  Rendered searches/friends.html.erb within layouts/application (2.3ms)
Completed 500 Internal Server Error in 129ms (ActiveRecord: 0.0ms)

ActionView::Template::Error (no implicit conversion of String into Integer):
    1: <ul>
    2:   <% @friends.each do |friend| %>
    3:     <li><%= "#{friend["firstName"]} #{friend["lastName"]}" %></li>
    4:   <% end %>
    5: </ul>
  app/views/searches/friends.html.erb:3:in `[]'
  app/views/searches/friends.html.erb:3:in `block in _app_views_searches_friends_html_erb___2196907207030286104_70354125749720'
  app/views/searches/friends.html.erb:2:in `each'
  app/views/searches/friends.html.erb:2:in `_app_views_searches_friends_html_erb___2196907207030286104_70354125749720'


  Rendered /Users/scottcreynolds/.rvm/gems/ruby-2.1.2/gems/actionpack-4.2.5/lib/action_dispatch/middleware/templates/rescues/_source.erb (45.4ms)
  Rendered /Users/scottcreynolds/.rvm/gems/ruby-2.1.2/gems/actionpack-4.2.5/lib/action_dispatch/middleware/templates/rescues/_trace.html.erb (2.6ms)
  Rendered /Users/scottcreynolds/.rvm/gems/ruby-2.1.2/gems/actionpack-4.2.5/lib/action_dispatch/middleware/templates/rescues/_request_and_response.html.erb (0.9ms)
  Rendered /Users/scottcreynolds/.rvm/gems/ruby-2.1.2/gems/actionpack-4.2.5/lib/action_dispatch/middleware/templates/rescues/template_error.html.erb within rescues/layout (62.4ms)
  Rendered /Users/scottcreynolds/.rvm/gems/ruby-2.1.2/gems/web-console-2.3.0/lib/web_console/templates/_markup.html.erb (0.3ms)
  Rendered /Users/scottcreynolds/.rvm/gems/ruby-2.1.2/gems/web-console-2.3.0/lib/web_console/templates/_inner_console_markup.html.erb within layouts/inlined_string (0.3ms)
  Rendered /Users/scottcreynolds/.rvm/gems/ruby-2.1.2/gems/web-console-2.3.0/lib/web_console/templates/_prompt_box_markup.html.erb within layouts/inlined_string (0.3ms)
  Rendered /Users/scottcreynolds/.rvm/gems/ruby-2.1.2/gems/web-console-2.3.0/lib/web_console/templates/style.css.erb within layouts/inlined_string (0.3ms)
  Rendered /Users/scottcreynolds/.rvm/gems/ruby-2.1.2/gems/web-console-2.3.0/lib/web_console/templates/console.js.erb within layouts/javascript (13.9ms)
  Rendered /Users/scottcreynolds/.rvm/gems/ruby-2.1.2/gems/web-console-2.3.0/lib/web_console/templates/main.js.erb within layouts/javascript (0.3ms)
  Rendered /Users/scottcreynolds/.rvm/gems/ruby-2.1.2/gems/web-console-2.3.0/lib/web_console/templates/error_page.js.erb within layouts/javascript (0.3ms)
  Rendered /Users/scottcreynolds/.rvm/gems/ruby-2.1.2/gems/web-console-2.3.0/lib/web_console/templates/index.html.erb (29.4ms)


Started GET "/friends" for ::1 at 2016-02-15 00:50:10 -0500
Processing by SearchesController#friends as HTML
  Rendered searches/friends.html.erb within layouts/application (1.8ms)
Completed 500 Internal Server Error in 90ms (ActiveRecord: 0.0ms)

ActionView::Template::Error (no implicit conversion of String into Integer):
    1: <ul>
    2:   <% @friends.each do |friend| %>
    3:     <li><%= "#{friend['firstName']} #{friend['lastName']}" %></li>
    4:   <% end %>
    5: </ul>
  app/views/searches/friends.html.erb:3:in `[]'
  app/views/searches/friends.html.erb:3:in `block in _app_views_searches_friends_html_erb___2196907207030286104_70354112914340'
  app/views/searches/friends.html.erb:2:in `each'
  app/views/searches/friends.html.erb:2:in `_app_views_searches_friends_html_erb___2196907207030286104_70354112914340'


  Rendered /Users/scottcreynolds/.rvm/gems/ruby-2.1.2/gems/actionpack-4.2.5/lib/action_dispatch/middleware/templates/rescues/_source.erb (4.8ms)
  Rendered /Users/scottcreynolds/.rvm/gems/ruby-2.1.2/gems/actionpack-4.2.5/lib/action_dispatch/middleware/templates/rescues/_trace.html.erb (2.2ms)
  Rendered /Users/scottcreynolds/.rvm/gems/ruby-2.1.2/gems/actionpack-4.2.5/lib/action_dispatch/middleware/templates/rescues/_request_and_response.html.erb (0.9ms)
  Rendered /Users/scottcreynolds/.rvm/gems/ruby-2.1.2/gems/actionpack-4.2.5/lib/action_dispatch/middleware/templates/rescues/template_error.html.erb within rescues/layout (20.6ms)
  Rendered /Users/scottcreynolds/.rvm/gems/ruby-2.1.2/gems/web-console-2.3.0/lib/web_console/templates/_markup.html.erb (0.4ms)
  Rendered /Users/scottcreynolds/.rvm/gems/ruby-2.1.2/gems/web-console-2.3.0/lib/web_console/templates/_inner_console_markup.html.erb within layouts/inlined_string (0.3ms)
  Rendered /Users/scottcreynolds/.rvm/gems/ruby-2.1.2/gems/web-console-2.3.0/lib/web_console/templates/_prompt_box_markup.html.erb within layouts/inlined_string (0.3ms)
  Rendered /Users/scottcreynolds/.rvm/gems/ruby-2.1.2/gems/web-console-2.3.0/lib/web_console/templates/style.css.erb within layouts/inlined_string (0.3ms)
  Rendered /Users/scottcreynolds/.rvm/gems/ruby-2.1.2/gems/web-console-2.3.0/lib/web_console/templates/console.js.erb within layouts/javascript (14.4ms)
  Rendered /Users/scottcreynolds/.rvm/gems/ruby-2.1.2/gems/web-console-2.3.0/lib/web_console/templates/main.js.erb within layouts/javascript (0.3ms)
  Rendered /Users/scottcreynolds/.rvm/gems/ruby-2.1.2/gems/web-console-2.3.0/lib/web_console/templates/error_page.js.erb within layouts/javascript (0.4ms)
  Rendered /Users/scottcreynolds/.rvm/gems/ruby-2.1.2/gems/web-console-2.3.0/lib/web_console/templates/index.html.erb (30.5ms)


Started GET "/friends" for ::1 at 2016-02-15 00:50:28 -0500
Processing by SearchesController#friends as HTML
  Rendered searches/friends.html.erb within layouts/application (3.8ms)
Completed 200 OK in 528ms (Views: 19.1ms | ActiveRecord: 0.0ms)


Started GET "/assets/application.self-e80e8f2318043e8af94dddc2adad5a4f09739a8ebb323b3ab31cd71d45fd9113.css?body=1" for ::1 at 2016-02-15 00:50:29 -0500


Started GET "/assets/jquery.self-c64a74367bda6ef8b860f19e74df08927ca99d2be2ac934e9e92d5fd361e0da4.js?body=1" for ::1 at 2016-02-15 00:50:29 -0500


Started GET "/assets/application.self-3b8dabdc891efe46b9a144b400ad69e37d7e5876bdc39dee783419a69d7ca819.js?body=1" for ::1 at 2016-02-15 00:50:29 -0500


Started GET "/assets/jquery_ujs.self-d602bdfe68ffc63b9f9cc512872aa3cfff046228a0a36e90dd476e8ef54c1b09.js?body=1" for ::1 at 2016-02-15 00:50:29 -0500


Started GET "/assets/turbolinks.self-c37727e9bd6b2735da5c311aa83fead54ed0be6cc8bd9a65309e9c5abe2cbfff.js?body=1" for ::1 at 2016-02-15 00:50:29 -0500


Started GET "/friends" for ::1 at 2016-02-15 00:51:21 -0500
Processing by SearchesController#friends as HTML
  Rendered searches/friends.html.erb within layouts/application (1.0ms)
Completed 200 OK in 104ms (Views: 18.2ms | ActiveRecord: 0.0ms)


Started GET "/assets/application.self-e80e8f2318043e8af94dddc2adad5a4f09739a8ebb323b3ab31cd71d45fd9113.css?body=1" for ::1 at 2016-02-15 00:51:21 -0500


Started GET "/assets/jquery.self-c64a74367bda6ef8b860f19e74df08927ca99d2be2ac934e9e92d5fd361e0da4.js?body=1" for ::1 at 2016-02-15 00:51:21 -0500


Started GET "/assets/jquery_ujs.self-d602bdfe68ffc63b9f9cc512872aa3cfff046228a0a36e90dd476e8ef54c1b09.js?body=1" for ::1 at 2016-02-15 00:51:21 -0500


Started GET "/assets/turbolinks.self-c37727e9bd6b2735da5c311aa83fead54ed0be6cc8bd9a65309e9c5abe2cbfff.js?body=1" for ::1 at 2016-02-15 00:51:22 -0500


Started GET "/assets/application.self-3b8dabdc891efe46b9a144b400ad69e37d7e5876bdc39dee783419a69d7ca819.js?body=1" for ::1 at 2016-02-15 00:51:22 -0500
